[INFO ] 2023-09-21 17:44:25.173 [main] ReportManager - 
------------------------------------------------------------------------------------------------------------------------------------------------
                                                      Powered by SHAFT Engine v7.2.20230621                                                      
------------------------------------------------------------------------------------------------------------------------------------------------

[INFO ] 2023-09-21 17:44:26.277 [main] ReportManager - Loaded OpenCV "opencv_java470".
[INFO ] 2023-09-21 17:44:26.277 [main] ReportManager - Initializing Allure Reporting Environment...
[INFO ] 2023-09-21 17:44:26.430 [main] ReportManager - Initializing Extent Reporting Environment...
[INFO ] 2023-09-21 17:44:27.026 [main] ReportManager - Initializing Summary Reporting Environment...
[INFO ] 2023-09-21 17:44:27.269 [main] Utils - [TestNG] Running:
  C:\Users\user tester\AppData\Local\JetBrains\IdeaIC2022.3\temp-testng-customsuite.xml

[INFO ] 2023-09-21 17:44:27.296 [main] ReportManager - 
------------------------------------------------------------------------------------------------------------------------------------------------
                                             Starting execution of setup driver configuration method                                             
                                                    'TestCasesPackage.AgeFormTC.SetupDriver'                                                    
------------------------------------------------------------------------------------------------------------------------------------------------

[INFO ] 2023-09-21 17:44:27.432 [main] ReportManager - Setting "targetOperatingSystem" property with "windows".
[INFO ] 2023-09-21 17:44:27.448 [main] ReportManager - Capabilities {acceptInsecureCerts: true, browserName: chrome, goog:chromeOptions: {args: [--start-maximized, --remote-allow-origins=*, --enable-automation, --disable-background-timer-..., --disable-backgrounding-occ..., --disable-features=Calculat..., --disable-hang-monitor, --disable-domain-reliability, --disable-renderer-backgrou..., --disable-features=Autofill..., --metrics-recording-only, --no-first-run, --no-default-browser-check, --silent-debugger-extension..., --disable-extensions, --disable-component-extensi..., --disable-dev-shm-usage, --disable-features=MediaRouter, --disable-features=Translate, --disable-ipc-flooding-prot..., --disable-background-networ..., --mute-audio, --disable-breakpad, --ignore-certificate-errors, --disable-device-discovery-..., --force-color-profile=srgb, --hide-scrollbars, --host-resolver-rules, --no-pings, --disable-features=AvoidUnn..., --disable-features=Certific..., --disable-sync, --disable-features=Optimiza..., --disable-features=DialMedi..., --disable-features=GlobalMe..., --disable-features=Improved..., --disable-features=LazyFram..., --disable-field-trial-config, --enable-features=NetworkSe..., --enable-features=NetworkSe..., --enable-use-zoom-for-dsf, --log-net-log, --net-log-capture-mode, --disable-client-side-phish..., --disable-default-apps, --disable-features=Interest...], extensions: [], prefs: {download.default_directory: C:\Users\user tester\Deskto..., download.prompt_for_download: false, profile.default_content_settings.popups: 0}}, pageLoadStrategy: none, timeouts: {pageLoad: 60000, script: 30000}, unhandledPromptBehavior: accept and notify}
[INFO ] 2023-09-21 17:44:27.449 [main] ReportManager - Attempting to run locally on: "windows | Chrome".
[INFO ] 2023-09-21 17:44:27.450 [main] ReportManager - Identifying OS/Driver combination and selecting the correct driver version automatically. Please note that if a new driver executable will be downloaded it may take some time...
[DEBUG] 2023-09-21 17:44:27.846 [main] InternalHttpClient - ex-0000000001 preparing request execution
[DEBUG] 2023-09-21 17:44:27.868 [main] ProtocolExec - ex-0000000001 target auth state: UNCHALLENGED
[DEBUG] 2023-09-21 17:44:27.870 [main] ProtocolExec - ex-0000000001 proxy auth state: UNCHALLENGED
[DEBUG] 2023-09-21 17:44:27.870 [main] ConnectExec - ex-0000000001 acquiring connection with route {s}->https://raw.githubusercontent.com:443
[DEBUG] 2023-09-21 17:44:27.870 [main] InternalHttpClient - ex-0000000001 acquiring endpoint (3 MINUTES)
[DEBUG] 2023-09-21 17:44:27.874 [main] PoolingHttpClientConnectionManager - ex-0000000001 endpoint lease request (3 MINUTES) [route: {s}->https://raw.githubusercontent.com:443][total available: 0; route allocated: 0 of 5; total allocated: 0 of 25]
[DEBUG] 2023-09-21 17:44:27.895 [main] PoolingHttpClientConnectionManager - ex-0000000001 endpoint leased [route: {s}->https://raw.githubusercontent.com:443][total available: 0; route allocated: 1 of 5; total allocated: 1 of 25]
[DEBUG] 2023-09-21 17:44:27.923 [main] PoolingHttpClientConnectionManager - ex-0000000001 acquired ep-0000000001
[DEBUG] 2023-09-21 17:44:27.924 [main] InternalHttpClient - ex-0000000001 acquired endpoint ep-0000000001
[DEBUG] 2023-09-21 17:44:27.924 [main] ConnectExec - ex-0000000001 opening connection {s}->https://raw.githubusercontent.com:443
[DEBUG] 2023-09-21 17:44:27.925 [main] InternalHttpClient - ep-0000000001 connecting endpoint (null)
[DEBUG] 2023-09-21 17:44:27.930 [main] PoolingHttpClientConnectionManager - ep-0000000001 connecting endpoint to https://raw.githubusercontent.com:443 (30 SECONDS)
[DEBUG] 2023-09-21 17:44:27.930 [main] DefaultHttpClientConnectionOperator - raw.githubusercontent.com resolving remote address
[DEBUG] 2023-09-21 17:44:27.931 [main] DefaultHttpClientConnectionOperator - raw.githubusercontent.com resolved to [raw.githubusercontent.com/185.199.108.133, raw.githubusercontent.com/185.199.110.133, raw.githubusercontent.com/185.199.109.133, raw.githubusercontent.com/185.199.111.133, raw.githubusercontent.com/2606:50c0:8002:0:0:0:0:154, raw.githubusercontent.com/2606:50c0:8003:0:0:0:0:154, raw.githubusercontent.com/2606:50c0:8000:0:0:0:0:154, raw.githubusercontent.com/2606:50c0:8001:0:0:0:0:154]
[DEBUG] 2023-09-21 17:44:27.934 [main] DefaultHttpClientConnectionOperator - raw.githubusercontent.com:443 connecting null->raw.githubusercontent.com/185.199.108.133:443 (30 SECONDS)
[DEBUG] 2023-09-21 17:44:27.934 [main] SSLConnectionSocketFactory - Connecting socket to raw.githubusercontent.com/185.199.108.133:443 with timeout 30 SECONDS
[DEBUG] 2023-09-21 17:44:28.062 [main] SSLConnectionSocketFactory - Enabled protocols: [TLSv1.3, TLSv1.2]
[DEBUG] 2023-09-21 17:44:28.062 [main] SSLConnectionSocketFactory - Enabled cipher suites: [TLS_AES_256_GCM_SHA384, TLS_AES_128_GCM_SHA256, TLS_CHACHA20_POLY1305_SHA256, TLS_ECDHE_ECDSA_WITH_AES_256_GCM_SHA384, TLS_ECDHE_ECDSA_WITH_AES_128_GCM_SHA256, TLS_ECDHE_ECDSA_WITH_CHACHA20_POLY1305_SHA256, TLS_ECDHE_RSA_WITH_AES_256_GCM_SHA384, TLS_ECDHE_RSA_WITH_CHACHA20_POLY1305_SHA256, TLS_ECDHE_RSA_WITH_AES_128_GCM_SHA256, TLS_DHE_RSA_WITH_AES_256_GCM_SHA384, TLS_DHE_RSA_WITH_CHACHA20_POLY1305_SHA256, TLS_DHE_DSS_WITH_AES_256_GCM_SHA384, TLS_DHE_RSA_WITH_AES_128_GCM_SHA256, TLS_DHE_DSS_WITH_AES_128_GCM_SHA256, TLS_ECDHE_ECDSA_WITH_AES_256_CBC_SHA384, TLS_ECDHE_RSA_WITH_AES_256_CBC_SHA384, TLS_ECDHE_ECDSA_WITH_AES_128_CBC_SHA256, TLS_ECDHE_RSA_WITH_AES_128_CBC_SHA256, TLS_DHE_RSA_WITH_AES_256_CBC_SHA256, TLS_DHE_DSS_WITH_AES_256_CBC_SHA256, TLS_DHE_RSA_WITH_AES_128_CBC_SHA256, TLS_DHE_DSS_WITH_AES_128_CBC_SHA256, TLS_ECDH_ECDSA_WITH_AES_256_GCM_SHA384, TLS_ECDH_RSA_WITH_AES_256_GCM_SHA384, TLS_ECDH_ECDSA_WITH_AES_128_GCM_SHA256, TLS_ECDH_RSA_WITH_AES_128_GCM_SHA256, TLS_ECDH_ECDSA_WITH_AES_256_CBC_SHA384, TLS_ECDH_RSA_WITH_AES_256_CBC_SHA384, TLS_ECDH_ECDSA_WITH_AES_128_CBC_SHA256, TLS_ECDH_RSA_WITH_AES_128_CBC_SHA256, TLS_ECDHE_ECDSA_WITH_AES_256_CBC_SHA, TLS_ECDHE_RSA_WITH_AES_256_CBC_SHA, TLS_ECDHE_ECDSA_WITH_AES_128_CBC_SHA, TLS_ECDHE_RSA_WITH_AES_128_CBC_SHA, TLS_DHE_RSA_WITH_AES_256_CBC_SHA, TLS_DHE_DSS_WITH_AES_256_CBC_SHA, TLS_DHE_RSA_WITH_AES_128_CBC_SHA, TLS_DHE_DSS_WITH_AES_128_CBC_SHA, TLS_ECDH_ECDSA_WITH_AES_256_CBC_SHA, TLS_ECDH_RSA_WITH_AES_256_CBC_SHA, TLS_ECDH_ECDSA_WITH_AES_128_CBC_SHA, TLS_ECDH_RSA_WITH_AES_128_CBC_SHA, TLS_RSA_WITH_AES_256_GCM_SHA384, TLS_RSA_WITH_AES_128_GCM_SHA256, TLS_RSA_WITH_AES_256_CBC_SHA256, TLS_RSA_WITH_AES_128_CBC_SHA256, TLS_RSA_WITH_AES_256_CBC_SHA, TLS_RSA_WITH_AES_128_CBC_SHA, TLS_EMPTY_RENEGOTIATION_INFO_SCSV]
[DEBUG] 2023-09-21 17:44:28.062 [main] SSLConnectionSocketFactory - Starting handshake (null)
[DEBUG] 2023-09-21 17:44:28.219 [main] SSLConnectionSocketFactory - Secure session established
[DEBUG] 2023-09-21 17:44:28.219 [main] SSLConnectionSocketFactory -  negotiated protocol: TLSv1.3
[DEBUG] 2023-09-21 17:44:28.219 [main] SSLConnectionSocketFactory -  negotiated cipher suite: TLS_AES_256_GCM_SHA384
[DEBUG] 2023-09-21 17:44:28.219 [main] SSLConnectionSocketFactory -  peer principal: CN=*.github.io, O="GitHub, Inc.", L=San Francisco, ST=California, C=US
[DEBUG] 2023-09-21 17:44:28.221 [main] SSLConnectionSocketFactory -  peer alternative names: [*.github.io, github.io, *.github.com, github.com, www.github.com, *.githubusercontent.com, githubusercontent.com]
[DEBUG] 2023-09-21 17:44:28.221 [main] SSLConnectionSocketFactory -  issuer principal: CN=DigiCert TLS RSA SHA256 2020 CA1, O=DigiCert Inc, C=US
[DEBUG] 2023-09-21 17:44:28.222 [main] DefaultManagedHttpClientConnection - http-outgoing-0 set socket timeout to 3 MINUTES
[DEBUG] 2023-09-21 17:44:28.222 [main] DefaultHttpClientConnectionOperator - raw.githubusercontent.com:443 connected null->raw.githubusercontent.com/185.199.108.133:443 as http-outgoing-0
[DEBUG] 2023-09-21 17:44:28.222 [main] PoolingHttpClientConnectionManager - ep-0000000001 connected http-outgoing-0
[DEBUG] 2023-09-21 17:44:28.222 [main] InternalHttpClient - ep-0000000001 endpoint connected
[DEBUG] 2023-09-21 17:44:28.223 [main] MainClientExec - ex-0000000001 executing GET /bonigarcia/webdrivermanager/master/src/main/resources/commands.properties HTTP/1.1
[DEBUG] 2023-09-21 17:44:28.224 [main] RequestAddCookies - ex-0000000001 Cookie spec selected: strict
[DEBUG] 2023-09-21 17:44:28.239 [main] InternalHttpClient - ep-0000000001 start execution ex-0000000001
[DEBUG] 2023-09-21 17:44:28.239 [main] PoolingHttpClientConnectionManager - ep-0000000001 executing exchange ex-0000000001 over http-outgoing-0
[DEBUG] 2023-09-21 17:44:28.239 [main] headers - http-outgoing-0 >> GET /bonigarcia/webdrivermanager/master/src/main/resources/commands.properties HTTP/1.1
[DEBUG] 2023-09-21 17:44:28.239 [main] headers - http-outgoing-0 >> user-agent: Apache-HttpClient/5.0
[DEBUG] 2023-09-21 17:44:28.239 [main] headers - http-outgoing-0 >> accept-encoding: gzip, deflate, br
[DEBUG] 2023-09-21 17:44:28.239 [main] headers - http-outgoing-0 >> cache-control: max-age=0
[DEBUG] 2023-09-21 17:44:28.240 [main] headers - http-outgoing-0 >> connection: keep-alive
[DEBUG] 2023-09-21 17:44:28.240 [main] headers - http-outgoing-0 >> Host: raw.githubusercontent.com
[DEBUG] 2023-09-21 17:44:28.240 [main] wire - http-outgoing-0 >> "GET /bonigarcia/webdrivermanager/master/src/main/resources/commands.properties HTTP/1.1[\r][\n]"
[DEBUG] 2023-09-21 17:44:28.240 [main] wire - http-outgoing-0 >> "user-agent: Apache-HttpClient/5.0[\r][\n]"
[DEBUG] 2023-09-21 17:44:28.240 [main] wire - http-outgoing-0 >> "accept-encoding: gzip, deflate, br[\r][\n]"
[DEBUG] 2023-09-21 17:44:28.240 [main] wire - http-outgoing-0 >> "cache-control: max-age=0[\r][\n]"
[DEBUG] 2023-09-21 17:44:28.240 [main] wire - http-outgoing-0 >> "connection: keep-alive[\r][\n]"
[DEBUG] 2023-09-21 17:44:28.240 [main] wire - http-outgoing-0 >> "Host: raw.githubusercontent.com[\r][\n]"
[DEBUG] 2023-09-21 17:44:28.240 [main] wire - http-outgoing-0 >> "[\r][\n]"
[DEBUG] 2023-09-21 17:44:28.315 [main] wire - http-outgoing-0 << "HTTP/1.1 200 OK[\r][\n]"
[DEBUG] 2023-09-21 17:44:28.315 [main] wire - http-outgoing-0 << "Connection: keep-alive[\r][\n]"
[DEBUG] 2023-09-21 17:44:28.315 [main] wire - http-outgoing-0 << "Content-Length: 723[\r][\n]"
[DEBUG] 2023-09-21 17:44:28.315 [main] wire - http-outgoing-0 << "Cache-Control: max-age=300[\r][\n]"
[DEBUG] 2023-09-21 17:44:28.315 [main] wire - http-outgoing-0 << "Content-Security-Policy: default-src 'none'; style-src 'unsafe-inline'; sandbox[\r][\n]"
[DEBUG] 2023-09-21 17:44:28.315 [main] wire - http-outgoing-0 << "Content-Type: text/plain; charset=utf-8[\r][\n]"
[DEBUG] 2023-09-21 17:44:28.315 [main] wire - http-outgoing-0 << "ETag: W/"e82b438271e9e8680c688b0b680efd0bdd22faa6d6f0a32fc1fd8accc486b67e"[\r][\n]"
[DEBUG] 2023-09-21 17:44:28.315 [main] wire - http-outgoing-0 << "Strict-Transport-Security: max-age=31536000[\r][\n]"
[DEBUG] 2023-09-21 17:44:28.315 [main] wire - http-outgoing-0 << "X-Content-Type-Options: nosniff[\r][\n]"
[DEBUG] 2023-09-21 17:44:28.316 [main] wire - http-outgoing-0 << "X-Frame-Options: deny[\r][\n]"
[DEBUG] 2023-09-21 17:44:28.316 [main] wire - http-outgoing-0 << "X-XSS-Protection: 1; mode=block[\r][\n]"
[DEBUG] 2023-09-21 17:44:28.316 [main] wire - http-outgoing-0 << "X-GitHub-Request-Id: 0B14:F586:7035A1:75254D:650A8B1F[\r][\n]"
[DEBUG] 2023-09-21 17:44:28.316 [main] wire - http-outgoing-0 << "Content-Encoding: gzip[\r][\n]"
[DEBUG] 2023-09-21 17:44:28.316 [main] wire - http-outgoing-0 << "Accept-Ranges: bytes[\r][\n]"
[DEBUG] 2023-09-21 17:44:28.316 [main] wire - http-outgoing-0 << "Date: Thu, 21 Sep 2023 15:44:29 GMT[\r][\n]"
[DEBUG] 2023-09-21 17:44:28.316 [main] wire - http-outgoing-0 << "Via: 1.1 varnish[\r][\n]"
[DEBUG] 2023-09-21 17:44:28.316 [main] wire - http-outgoing-0 << "X-Served-By: cache-lon4270-LON[\r][\n]"
[DEBUG] 2023-09-21 17:44:28.316 [main] wire - http-outgoing-0 << "X-Cache: HIT[\r][\n]"
[DEBUG] 2023-09-21 17:44:28.316 [main] wire - http-outgoing-0 << "X-Cache-Hits: 2[\r][\n]"
[DEBUG] 2023-09-21 17:44:28.316 [main] wire - http-outgoing-0 << "X-Timer: S1695311069.321175,VS0,VE0[\r][\n]"
[DEBUG] 2023-09-21 17:44:28.316 [main] wire - http-outgoing-0 << "Vary: Authorization,Accept-Encoding,Origin[\r][\n]"
[DEBUG] 2023-09-21 17:44:28.316 [main] wire - http-outgoing-0 << "Access-Control-Allow-Origin: *[\r][\n]"
[DEBUG] 2023-09-21 17:44:28.316 [main] wire - http-outgoing-0 << "Cross-Origin-Resource-Policy: cross-origin[\r][\n]"
[DEBUG] 2023-09-21 17:44:28.316 [main] wire - http-outgoing-0 << "X-Fastly-Request-ID: 83b17808b48e5922b8a5d0f22817f0393dcac5e1[\r][\n]"
[DEBUG] 2023-09-21 17:44:28.316 [main] wire - http-outgoing-0 << "Expires: Thu, 21 Sep 2023 15:49:29 GMT[\r][\n]"
[DEBUG] 2023-09-21 17:44:28.317 [main] wire - http-outgoing-0 << "Source-Age: 268[\r][\n]"
[DEBUG] 2023-09-21 17:44:28.317 [main] wire - http-outgoing-0 << "[\r][\n]"
[DEBUG] 2023-09-21 17:44:28.320 [main] headers - http-outgoing-0 << HTTP/1.1 200 OK
[DEBUG] 2023-09-21 17:44:28.321 [main] headers - http-outgoing-0 << Connection: keep-alive
[DEBUG] 2023-09-21 17:44:28.321 [main] headers - http-outgoing-0 << Content-Length: 723
[DEBUG] 2023-09-21 17:44:28.321 [main] headers - http-outgoing-0 << Cache-Control: max-age=300
[DEBUG] 2023-09-21 17:44:28.321 [main] headers - http-outgoing-0 << Content-Security-Policy: default-src 'none'; style-src 'unsafe-inline'; sandbox
[DEBUG] 2023-09-21 17:44:28.321 [main] headers - http-outgoing-0 << Content-Type: text/plain; charset=utf-8
[DEBUG] 2023-09-21 17:44:28.321 [main] headers - http-outgoing-0 << ETag: W/"e82b438271e9e8680c688b0b680efd0bdd22faa6d6f0a32fc1fd8accc486b67e"
[DEBUG] 2023-09-21 17:44:28.321 [main] headers - http-outgoing-0 << Strict-Transport-Security: max-age=31536000
[DEBUG] 2023-09-21 17:44:28.321 [main] headers - http-outgoing-0 << X-Content-Type-Options: nosniff
[DEBUG] 2023-09-21 17:44:28.321 [main] headers - http-outgoing-0 << X-Frame-Options: deny
[DEBUG] 2023-09-21 17:44:28.321 [main] headers - http-outgoing-0 << X-XSS-Protection: 1; mode=block
[DEBUG] 2023-09-21 17:44:28.321 [main] headers - http-outgoing-0 << X-GitHub-Request-Id: 0B14:F586:7035A1:75254D:650A8B1F
[DEBUG] 2023-09-21 17:44:28.321 [main] headers - http-outgoing-0 << Content-Encoding: gzip
[DEBUG] 2023-09-21 17:44:28.321 [main] headers - http-outgoing-0 << Accept-Ranges: bytes
[DEBUG] 2023-09-21 17:44:28.321 [main] headers - http-outgoing-0 << Date: Thu, 21 Sep 2023 15:44:29 GMT
[DEBUG] 2023-09-21 17:44:28.321 [main] headers - http-outgoing-0 << Via: 1.1 varnish
[DEBUG] 2023-09-21 17:44:28.321 [main] headers - http-outgoing-0 << X-Served-By: cache-lon4270-LON
[DEBUG] 2023-09-21 17:44:28.321 [main] headers - http-outgoing-0 << X-Cache: HIT
[DEBUG] 2023-09-21 17:44:28.321 [main] headers - http-outgoing-0 << X-Cache-Hits: 2
[DEBUG] 2023-09-21 17:44:28.321 [main] headers - http-outgoing-0 << X-Timer: S1695311069.321175,VS0,VE0
[DEBUG] 2023-09-21 17:44:28.322 [main] headers - http-outgoing-0 << Vary: Authorization,Accept-Encoding,Origin
[DEBUG] 2023-09-21 17:44:28.322 [main] headers - http-outgoing-0 << Access-Control-Allow-Origin: *
[DEBUG] 2023-09-21 17:44:28.322 [main] headers - http-outgoing-0 << Cross-Origin-Resource-Policy: cross-origin
[DEBUG] 2023-09-21 17:44:28.322 [main] headers - http-outgoing-0 << X-Fastly-Request-ID: 83b17808b48e5922b8a5d0f22817f0393dcac5e1
[DEBUG] 2023-09-21 17:44:28.322 [main] headers - http-outgoing-0 << Expires: Thu, 21 Sep 2023 15:49:29 GMT
[DEBUG] 2023-09-21 17:44:28.322 [main] headers - http-outgoing-0 << Source-Age: 268
[DEBUG] 2023-09-21 17:44:28.326 [main] MainClientExec - ex-0000000001 connection can be kept alive for 3 MINUTES
[DEBUG] 2023-09-21 17:44:28.332 [main] wire - http-outgoing-0 << "[0x1f][0xffffff8b][0x8][0x0][0x0][0x0][0x0][0x0][0x0][0x3][0xffffffb5]V]o[0xffffffda]0[0x14]}[0xffffffe7]W\[0xffffff81]*[0xffffffb5][0x12][0x1f][[M[0xffffffd3]$[0x1e]hF[0xffffffbb]i [0x18][0xffffffb4][0xffffffdd]&[0xfffffff9][0xffffffc5]$7[0xffffffc1]R[0x12]#;[0xffffff94]v[0xffffffbf]~[0xffffffb6][0xfffffff3]1[0xffffff92][0xffffff9a][0xffffffc1][0x1a]x[0xffffffcb][0xffffffb5][0xffffffaf][0xffffffcf]9[0xffffffbe][0xfffffff7]8v[0xb][0x1c][0x1e]E4[0xfffffff6]$x4[0xffffffa1][0xb]*[0xffffffb1][0xffffffd1][0xffffff82][0xfffffffb]%[0xffffff93][0xffffffe0][0xffffffb3][0x10][0xffffffc1][0xffffffe5]qBY,!Y[0xffffffea] KM8,[0x10][0xfffffff0][0x19][0xffffffdd]u[0xffffff82][0x1e][0xffffffb0][0xffffffd8]L[0xffffffcb]%[0xffffff86][0xffffffa1][0xe][0xffffffb8][0xfffffff0]P[0xffffffe8]$[0xf][0x13]t[0x13]3[0xfffffff9][0xffffff84]B2[0xffffffae][0xffffffe6]|@[0xfffffff5][0x1d][0x8][0xffffffc4][0x18][0x16][0xffffff82]o[0xffffffa4][0xffffff9a]P[0xffffff94][0xffffffe7][0xffffffce]R[0xfffffff0][0x8][0xffffffdb]p[0xffffffcb][0x4][0xfffffffa][0xfffffffc][0xffffffb9][\r][0xffffff93][0x15][\n]"
[DEBUG] 2023-09-21 17:44:28.332 [main] wire - http-outgoing-0 << "[0xffffffda][0xffffff86][0xffffffa1][0x17][0xffffffa8]Q3[0xffffffcb][0xffffffd6][0xffffffd1][0xffffff85][0xffffffc6][0xfffffff7][0xffffff98][0xffffffef][0xffffffa3][0xffffffc0]8[0x1][0xffffffae]s[0x12][0x16][0x7] _d[0xffffff82][0xffffff91][0xffffff84][0xfffffff3][0x1f],[0xfffffff6][0x14]j[0x1b]F,^+[0xffffff98]1ua2[0xffffffbf]h([0xffffff8e][0xffffff94][0xffffffa2][0xffffff91]m[0xffffffa3][0xffffffeb][0xffffff9a][0xffffffb0][0xffffffbb]I[0x17]t[0xffffffdf][0xffffffbd][0xffffffef][0xffffffbb][0xffffff91][0xffffffd7]U[0xffffffbb][0xffffff82][0xffffff9e][0x3][0xffffff9b][0xffffff88][0xffffffb9][0xffffffa6]$[0xffffffa6][0xc][0xffffff9b][0xffffffa5][0xffffffe2][0xffffff83][0xffffff98]F[0xffffffd8]o[0xffffff9e]Mg[0xffffff93][0xffffffbb][0xffffffd9]`|[0xfffffffb]u4[0xffffff9c][0x7f]"}B[0xffffffce][0x8][0xffffffb9][0xffffffe3]<[0x8][0xffffff91][0xffffff90][0xffffff94][0xffffff82][0xffffff90][0xffffffc1]j[0x15]2WI[0xffffffe3]1![0x19][0xffffff91]BnB[0xffffff80][0x9]<f[0xffffffb5][0xffffffe8]=[0xffffffd1]p[0xffffffbd][[0xffffffcf][0xffffffe5][0x1b][0xfffffff4][0xffffff9c][0xffffffff][0xfffffffc][0xfffffff8][0xffffffe1][0xffffffe2][0xffffff94][0xffffffa2][0xffffffae][0xe][0x14]5[0xffffff9a]8[0xffffff83][0xffffffd1]`:[0xfffffffd]<[0xffffffb8][0x1f][0xffffff9c]R[0xffffffcf]u[0x7f]6[0xffffffbc][0xffffff83][0xffffffef][0xf][0xffffffc3][0xffffffd9]/[0xfffffff8][0xfffffff2][0xffffffcd]y s[0xffffffee]'[0x1b]*0g[0xffffffcb][0xffffffc8]nF7H][0xffffff83][0xffffff97]{[0xffffffb1]Q[0x5][\r][0xffffffb5]c[0xffffffb4][0xf][0x2][0xffffffb3][0xffffffb4][0xffffff93][0xe]C[0xffffffa7][0xffffffb3]kAD][0xffffff9d][0xffffffde][0xffffffdb][0xffffffda][0xffffff88][0xffffffec][0xffffffa5][0xffffffbc][0xffffff99][0xffffffd9][0xffffffba]t[0xffffffb5][0xffffffea]9[0xffffffea][0x10])[0xffffffb7][0xffffffca][0xffffff9e][0xfffffff2][0xffffffe2]d^N[0xffffffd8]FW[0x16][0xffffffcd][0xffffffdc]_[0x10][0xfffffff9]i|[0x1c][0xffffff93][0xffffff8e][0xfffffff9]o[0x16][0xffffff86]4'!$G[0xffffffdf]W[0xfffffff4]W*j[[0xfffffff3]xR[0xffffffae][0xffffffb6][0xc][0xffffffd0],; #[0xffffffa9][0xffffff92]5[0xffffffb5][0x7][0xffffff9c][0xffffffb5][0xffffffd0][0x7f][0xffffff90][0xffffffc7]jgs[0xfffffffc][0xffffffc2][0xb][0xffffffd9][0x0]t[0xffffff9e]^'Y[0xfffffffb][0xffffff9f][0xffffffb1][0xffffffd8]:[0xffffffbf][0xffffff8d][0xffffffa5][0xffffff9a][0xffffffad][0x7f]m[0x5]&[0xffffffaa][0xffffffa0]^[0xffffff9b][0xffffffcb][0x5]f[0xffffffae][0xffffffe0]RU[0xffffff82][0x10]MS9l[0xffffff91]4t[0xfffffffb][0xffffff8a]][0xffffffd6][0xfffffff4][0xffffff96][0xffffffa6][0xffffff9f]P[0xffffffce][0xffffffd5][0xffffffce][0xffffff93][0xffffffff][0xffffff97][0xffffffcc]p[0xfffffffd][0xfffffff3][0xffffffe8][0x1b][0xffffffcc][0xffffffa2][0xffffffd9]Q[0xffffffbe][0xffffffb2][0xffffffa3][0xffffffc7]m'[0xffffffdf][0xffffffe4][[0xfffffffb]^[0xffffffb0][0xffffff9a][0xffffffbe][0xffffffda][0xffffffda]_[0xffffffce][0xffffff80][0xffffffd2][0xffffffc1]7[0xffffffb7]][0xffffffc1]b[0xffffffee][0xffffffb5][0xffffffff]w[0xffffff83][0xffffffed][0xffffffa7];[0x15]<[0x10]4[0xffffff92][0xffffff84][0x18][\n]"
[DEBUG] 2023-09-21 17:44:28.332 [main] wire - http-outgoing-0 << "BB[0xffffffba][0xffffff8e]][0xffffffb5]jo[0xffffffb9]+"[0xffffffea][0xffffffb4][0xffffffff]h"[0xffffffea]\?5[0xffffffa9][0xffffffaf]k[0xffffffec][0xffffffff]P[0xffffffea][\n]"
[DEBUG] 2023-09-21 17:44:28.332 [main] wire - http-outgoing-0 << "w[0xffffffe1]K[0x13][0xffffffda][0xffffffec][0xffffff98][0xffffffe6]Y[0xfffffffd]h8m6[0xffffff9c]T[0xffffffc1][0xfffffff2][0xffffffa7][0xffffff91]z_[0xffffff95]o85p[0x1c][0x13][0xffffffe6][0xfffffff0]5[0xffffffee][0xfffffffc][0xffffff92][0xffffff96][0xffffffda][0xfffffff7][0xffffffcf][0xffffffb1][0x5][0x1d][0xffffffea]K[0xffffff9b]9[0xffffff8e][0xffffffad]e[0xfffffff7][0xffffff93][0xffffffa8]`[0xffffffda][0xffffffff][0x1a][0xffffffd2][0xffffff88][0xffffff85][0xfffffffd][0xfffffff2][0xffffff91]N[0xfffffff6]`[0xffffffdf]2[0xffffffcf][0xffffffae]E[0xffffff97][0xffffffc5][0xffffffa2][0xffffff9d][0xffffffef]'[0xffffff9d]mun.[0xffffffd3]f^[0xffffffc7][0xffffff82][0xffffffda][0xffffff82]9[0xfffffff5][0xffffffa9]`[0x5][0xffffffbc]4[0xffffffa1][0x1d]<M[0xffffffb5]A[0xffffffa7]3[[0xffffffc0][0x7f][0x0][0xffffffc1][0xffffffd0]$[0xffffff85][0x1d][\r][0x0][0x0]"
[DEBUG] 2023-09-21 17:44:28.334 [main] InternalHttpClient - ep-0000000001 releasing valid endpoint
[DEBUG] 2023-09-21 17:44:28.334 [main] PoolingHttpClientConnectionManager - ep-0000000001 releasing endpoint
[DEBUG] 2023-09-21 17:44:28.334 [main] PoolingHttpClientConnectionManager - ep-0000000001 connection http-outgoing-0 can be kept alive for 3 MINUTES
[DEBUG] 2023-09-21 17:44:28.335 [main] PoolingHttpClientConnectionManager - ep-0000000001 connection released [route: {s}->https://raw.githubusercontent.com:443][total available: 1; route allocated: 1 of 5; total allocated: 1 of 25]
[DEBUG] 2023-09-21 17:44:28.335 [main] VersionDetector - Detecting chrome version using online commands.properties
[DEBUG] 2023-09-21 17:44:28.339 [main] Shell - Running command on the shell: [cmd.exe, /C, wmic, datafile, where, name="%PROGRAMFILES:\=\\%\\Google\\Chrome\\Application\\chrome.exe", get, Version, /value]
[DEBUG] 2023-09-21 17:44:28.511 [main] Shell - Result: 
[DEBUG] 2023-09-21 17:44:28.512 [main] Shell - Running command on the shell: [cmd.exe, /C, wmic, datafile, where, name="%PROGRAMFILES(X86):\=\\%\\Google\\Chrome\\Application\\chrome.exe", get, Version, /value]
[DEBUG] 2023-09-21 17:44:28.624 [main] Shell - Result: Version=116.0.5845.188
[DEBUG] 2023-09-21 17:44:28.627 [main] InternalHttpClient - ex-0000000002 preparing request execution
[DEBUG] 2023-09-21 17:44:28.628 [main] ProtocolExec - ex-0000000002 target auth state: UNCHALLENGED
[DEBUG] 2023-09-21 17:44:28.628 [main] ProtocolExec - ex-0000000002 proxy auth state: UNCHALLENGED
[DEBUG] 2023-09-21 17:44:28.628 [main] ConnectExec - ex-0000000002 acquiring connection with route {s}->https://chromedriver.storage.googleapis.com:443
[DEBUG] 2023-09-21 17:44:28.628 [main] InternalHttpClient - ex-0000000002 acquiring endpoint (3 MINUTES)
[DEBUG] 2023-09-21 17:44:28.628 [main] PoolingHttpClientConnectionManager - ex-0000000002 endpoint lease request (3 MINUTES) [route: {s}->https://chromedriver.storage.googleapis.com:443][total available: 1; route allocated: 0 of 5; total allocated: 1 of 25]
[DEBUG] 2023-09-21 17:44:28.628 [main] PoolingHttpClientConnectionManager - ex-0000000002 endpoint leased [route: {s}->https://chromedriver.storage.googleapis.com:443][total available: 1; route allocated: 1 of 5; total allocated: 2 of 25]
[DEBUG] 2023-09-21 17:44:28.628 [main] PoolingHttpClientConnectionManager - ex-0000000002 acquired ep-0000000002
[DEBUG] 2023-09-21 17:44:28.628 [main] InternalHttpClient - ex-0000000002 acquired endpoint ep-0000000002
[DEBUG] 2023-09-21 17:44:28.629 [main] ConnectExec - ex-0000000002 opening connection {s}->https://chromedriver.storage.googleapis.com:443
[DEBUG] 2023-09-21 17:44:28.629 [main] InternalHttpClient - ep-0000000002 connecting endpoint (null)
[DEBUG] 2023-09-21 17:44:28.629 [main] PoolingHttpClientConnectionManager - ep-0000000002 connecting endpoint to https://chromedriver.storage.googleapis.com:443 (30 SECONDS)
[DEBUG] 2023-09-21 17:44:28.629 [main] DefaultHttpClientConnectionOperator - chromedriver.storage.googleapis.com resolving remote address
[DEBUG] 2023-09-21 17:44:28.629 [main] DefaultHttpClientConnectionOperator - chromedriver.storage.googleapis.com resolved to [chromedriver.storage.googleapis.com/142.251.37.59, chromedriver.storage.googleapis.com/142.251.37.187, chromedriver.storage.googleapis.com/142.251.37.219, chromedriver.storage.googleapis.com/142.251.37.251, chromedriver.storage.googleapis.com/172.217.18.59, chromedriver.storage.googleapis.com/172.217.18.251, chromedriver.storage.googleapis.com/172.217.19.59, chromedriver.storage.googleapis.com/172.217.19.155, chromedriver.storage.googleapis.com/142.250.200.219, chromedriver.storage.googleapis.com/142.250.200.251, chromedriver.storage.googleapis.com/142.250.201.27, chromedriver.storage.googleapis.com/142.250.201.59, chromedriver.storage.googleapis.com/142.250.203.251, chromedriver.storage.googleapis.com/216.58.212.123, chromedriver.storage.googleapis.com/2a00:1450:4006:810:0:0:0:201b, chromedriver.storage.googleapis.com/2a00:1450:4006:811:0:0:0:201b, chromedriver.storage.googleapis.com/2a00:1450:4006:800:0:0:0:201b, chromedriver.storage.googleapis.com/2a00:1450:4006:80b:0:0:0:201b]
[DEBUG] 2023-09-21 17:44:28.629 [main] DefaultHttpClientConnectionOperator - chromedriver.storage.googleapis.com:443 connecting null->chromedriver.storage.googleapis.com/142.251.37.59:443 (30 SECONDS)
[DEBUG] 2023-09-21 17:44:28.630 [main] SSLConnectionSocketFactory - Connecting socket to chromedriver.storage.googleapis.com/142.251.37.59:443 with timeout 30 SECONDS
[DEBUG] 2023-09-21 17:44:28.703 [main] SSLConnectionSocketFactory - Enabled protocols: [TLSv1.3, TLSv1.2]
[DEBUG] 2023-09-21 17:44:28.703 [main] SSLConnectionSocketFactory - Enabled cipher suites: [TLS_AES_256_GCM_SHA384, TLS_AES_128_GCM_SHA256, TLS_CHACHA20_POLY1305_SHA256, TLS_ECDHE_ECDSA_WITH_AES_256_GCM_SHA384, TLS_ECDHE_ECDSA_WITH_AES_128_GCM_SHA256, TLS_ECDHE_ECDSA_WITH_CHACHA20_POLY1305_SHA256, TLS_ECDHE_RSA_WITH_AES_256_GCM_SHA384, TLS_ECDHE_RSA_WITH_CHACHA20_POLY1305_SHA256, TLS_ECDHE_RSA_WITH_AES_128_GCM_SHA256, TLS_DHE_RSA_WITH_AES_256_GCM_SHA384, TLS_DHE_RSA_WITH_CHACHA20_POLY1305_SHA256, TLS_DHE_DSS_WITH_AES_256_GCM_SHA384, TLS_DHE_RSA_WITH_AES_128_GCM_SHA256, TLS_DHE_DSS_WITH_AES_128_GCM_SHA256, TLS_ECDHE_ECDSA_WITH_AES_256_CBC_SHA384, TLS_ECDHE_RSA_WITH_AES_256_CBC_SHA384, TLS_ECDHE_ECDSA_WITH_AES_128_CBC_SHA256, TLS_ECDHE_RSA_WITH_AES_128_CBC_SHA256, TLS_DHE_RSA_WITH_AES_256_CBC_SHA256, TLS_DHE_DSS_WITH_AES_256_CBC_SHA256, TLS_DHE_RSA_WITH_AES_128_CBC_SHA256, TLS_DHE_DSS_WITH_AES_128_CBC_SHA256, TLS_ECDH_ECDSA_WITH_AES_256_GCM_SHA384, TLS_ECDH_RSA_WITH_AES_256_GCM_SHA384, TLS_ECDH_ECDSA_WITH_AES_128_GCM_SHA256, TLS_ECDH_RSA_WITH_AES_128_GCM_SHA256, TLS_ECDH_ECDSA_WITH_AES_256_CBC_SHA384, TLS_ECDH_RSA_WITH_AES_256_CBC_SHA384, TLS_ECDH_ECDSA_WITH_AES_128_CBC_SHA256, TLS_ECDH_RSA_WITH_AES_128_CBC_SHA256, TLS_ECDHE_ECDSA_WITH_AES_256_CBC_SHA, TLS_ECDHE_RSA_WITH_AES_256_CBC_SHA, TLS_ECDHE_ECDSA_WITH_AES_128_CBC_SHA, TLS_ECDHE_RSA_WITH_AES_128_CBC_SHA, TLS_DHE_RSA_WITH_AES_256_CBC_SHA, TLS_DHE_DSS_WITH_AES_256_CBC_SHA, TLS_DHE_RSA_WITH_AES_128_CBC_SHA, TLS_DHE_DSS_WITH_AES_128_CBC_SHA, TLS_ECDH_ECDSA_WITH_AES_256_CBC_SHA, TLS_ECDH_RSA_WITH_AES_256_CBC_SHA, TLS_ECDH_ECDSA_WITH_AES_128_CBC_SHA, TLS_ECDH_RSA_WITH_AES_128_CBC_SHA, TLS_RSA_WITH_AES_256_GCM_SHA384, TLS_RSA_WITH_AES_128_GCM_SHA256, TLS_RSA_WITH_AES_256_CBC_SHA256, TLS_RSA_WITH_AES_128_CBC_SHA256, TLS_RSA_WITH_AES_256_CBC_SHA, TLS_RSA_WITH_AES_128_CBC_SHA, TLS_EMPTY_RENEGOTIATION_INFO_SCSV]
[DEBUG] 2023-09-21 17:44:28.703 [main] SSLConnectionSocketFactory - Starting handshake (null)
[DEBUG] 2023-09-21 17:44:28.819 [main] SSLConnectionSocketFactory - Secure session established
[DEBUG] 2023-09-21 17:44:28.819 [main] SSLConnectionSocketFactory -  negotiated protocol: TLSv1.3
[DEBUG] 2023-09-21 17:44:28.819 [main] SSLConnectionSocketFactory -  negotiated cipher suite: TLS_AES_256_GCM_SHA384
[DEBUG] 2023-09-21 17:44:28.819 [main] SSLConnectionSocketFactory -  peer principal: CN=*.storage.googleapis.com
[DEBUG] 2023-09-21 17:44:28.819 [main] SSLConnectionSocketFactory -  peer alternative names: [*.storage.googleapis.com, *.googleapis.com, commondatastorage.googleapis.com, *.commondatastorage.googleapis.com, storage.googleapis.com, storage-p2.googleapis.com, *.storage-p2.googleapis.com, storage.mtls.googleapis.com, *.appspot.com.storage.googleapis.com, *.content-storage.googleapis.com, *.content-storage-p2.googleapis.com, *.content-storage-upload.googleapis.com, *.content-storage-download.googleapis.com, *.storage-upload.googleapis.com, *.storage-download.googleapis.com]
[DEBUG] 2023-09-21 17:44:28.819 [main] SSLConnectionSocketFactory -  issuer principal: CN=GTS CA 1C3, O=Google Trust Services LLC, C=US
[DEBUG] 2023-09-21 17:44:28.820 [main] DefaultManagedHttpClientConnection - http-outgoing-1 set socket timeout to 3 MINUTES
[DEBUG] 2023-09-21 17:44:28.820 [main] DefaultHttpClientConnectionOperator - chromedriver.storage.googleapis.com:443 connected null->chromedriver.storage.googleapis.com/142.251.37.59:443 as http-outgoing-1
[DEBUG] 2023-09-21 17:44:28.820 [main] PoolingHttpClientConnectionManager - ep-0000000002 connected http-outgoing-1
[DEBUG] 2023-09-21 17:44:28.820 [main] InternalHttpClient - ep-0000000002 endpoint connected
[DEBUG] 2023-09-21 17:44:28.820 [main] MainClientExec - ex-0000000002 executing GET /LATEST_RELEASE_116 HTTP/1.1
[DEBUG] 2023-09-21 17:44:28.821 [main] RequestAddCookies - ex-0000000002 Cookie spec selected: strict
[DEBUG] 2023-09-21 17:44:28.821 [main] InternalHttpClient - ep-0000000002 start execution ex-0000000002
[DEBUG] 2023-09-21 17:44:28.821 [main] PoolingHttpClientConnectionManager - ep-0000000002 executing exchange ex-0000000002 over http-outgoing-1
[DEBUG] 2023-09-21 17:44:28.821 [main] headers - http-outgoing-1 >> GET /LATEST_RELEASE_116 HTTP/1.1
[DEBUG] 2023-09-21 17:44:28.821 [main] headers - http-outgoing-1 >> user-agent: Apache-HttpClient/5.0
[DEBUG] 2023-09-21 17:44:28.821 [main] headers - http-outgoing-1 >> accept-encoding: gzip, deflate, br
[DEBUG] 2023-09-21 17:44:28.821 [main] headers - http-outgoing-1 >> cache-control: max-age=0
[DEBUG] 2023-09-21 17:44:28.821 [main] headers - http-outgoing-1 >> connection: keep-alive
[DEBUG] 2023-09-21 17:44:28.821 [main] headers - http-outgoing-1 >> Host: chromedriver.storage.googleapis.com
[DEBUG] 2023-09-21 17:44:28.822 [main] wire - http-outgoing-1 >> "GET /LATEST_RELEASE_116 HTTP/1.1[\r][\n]"
[DEBUG] 2023-09-21 17:44:28.822 [main] wire - http-outgoing-1 >> "user-agent: Apache-HttpClient/5.0[\r][\n]"
[DEBUG] 2023-09-21 17:44:28.822 [main] wire - http-outgoing-1 >> "accept-encoding: gzip, deflate, br[\r][\n]"
[DEBUG] 2023-09-21 17:44:28.822 [main] wire - http-outgoing-1 >> "cache-control: max-age=0[\r][\n]"
[DEBUG] 2023-09-21 17:44:28.822 [main] wire - http-outgoing-1 >> "connection: keep-alive[\r][\n]"
[DEBUG] 2023-09-21 17:44:28.822 [main] wire - http-outgoing-1 >> "Host: chromedriver.storage.googleapis.com[\r][\n]"
[DEBUG] 2023-09-21 17:44:28.822 [main] wire - http-outgoing-1 >> "[\r][\n]"
[DEBUG] 2023-09-21 17:44:29.009 [main] wire - http-outgoing-1 << "HTTP/1.1 404 Not Found[\r][\n]"
[DEBUG] 2023-09-21 17:44:29.010 [main] wire - http-outgoing-1 << "X-GUploader-UploadID: ADPycdt0hKJW9UjbuLeoFD7t3ExjJo63RbBbmIQ3Ci_WOlGTFNZ37zAOen70LICiBdXum9ji6V_KD3NABOUSsJXgkAdTj7IMryG-[\r][\n]"
[DEBUG] 2023-09-21 17:44:29.010 [main] wire - http-outgoing-1 << "Content-Type: application/xml; charset=UTF-8[\r][\n]"
[DEBUG] 2023-09-21 17:44:29.010 [main] wire - http-outgoing-1 << "Content-Length: 193[\r][\n]"
[DEBUG] 2023-09-21 17:44:29.010 [main] wire - http-outgoing-1 << "Date: Thu, 21 Sep 2023 15:44:29 GMT[\r][\n]"
[DEBUG] 2023-09-21 17:44:29.010 [main] wire - http-outgoing-1 << "Expires: Thu, 21 Sep 2023 15:44:29 GMT[\r][\n]"
[DEBUG] 2023-09-21 17:44:29.010 [main] wire - http-outgoing-1 << "Cache-Control: private, max-age=0[\r][\n]"
[DEBUG] 2023-09-21 17:44:29.010 [main] wire - http-outgoing-1 << "Server: UploadServer[\r][\n]"
[DEBUG] 2023-09-21 17:44:29.010 [main] wire - http-outgoing-1 << "Alt-Svc: h3=":443"; ma=2592000,h3-29=":443"; ma=2592000[\r][\n]"
[DEBUG] 2023-09-21 17:44:29.010 [main] wire - http-outgoing-1 << "[\r][\n]"
[DEBUG] 2023-09-21 17:44:29.010 [main] wire - http-outgoing-1 << "<?xml version='1.0' encoding='UTF-8'?><Error><Code>NoSuchKey</Code><Message>The specified key does not exist.</Message><Details>No such object: chromedriver/LATEST_RELEASE_116</Details></Error>"
[DEBUG] 2023-09-21 17:44:29.010 [main] headers - http-outgoing-1 << HTTP/1.1 404 Not Found
[DEBUG] 2023-09-21 17:44:29.010 [main] headers - http-outgoing-1 << X-GUploader-UploadID: ADPycdt0hKJW9UjbuLeoFD7t3ExjJo63RbBbmIQ3Ci_WOlGTFNZ37zAOen70LICiBdXum9ji6V_KD3NABOUSsJXgkAdTj7IMryG-
[DEBUG] 2023-09-21 17:44:29.010 [main] headers - http-outgoing-1 << Content-Type: application/xml; charset=UTF-8
[DEBUG] 2023-09-21 17:44:29.010 [main] headers - http-outgoing-1 << Content-Length: 193
[DEBUG] 2023-09-21 17:44:29.010 [main] headers - http-outgoing-1 << Date: Thu, 21 Sep 2023 15:44:29 GMT
[DEBUG] 2023-09-21 17:44:29.010 [main] headers - http-outgoing-1 << Expires: Thu, 21 Sep 2023 15:44:29 GMT
[DEBUG] 2023-09-21 17:44:29.010 [main] headers - http-outgoing-1 << Cache-Control: private, max-age=0
[DEBUG] 2023-09-21 17:44:29.010 [main] headers - http-outgoing-1 << Server: UploadServer
[DEBUG] 2023-09-21 17:44:29.010 [main] headers - http-outgoing-1 << Alt-Svc: h3=":443"; ma=2592000,h3-29=":443"; ma=2592000
[DEBUG] 2023-09-21 17:44:29.011 [main] MainClientExec - ex-0000000002 connection can be kept alive for 3 MINUTES
[ERROR] 2023-09-21 17:44:29.011 [main] HttpClient - Error HTTP 404 executing https://chromedriver.storage.googleapis.com/LATEST_RELEASE_116
[WARN ] 2023-09-21 17:44:29.011 [main] VersionDetector - Exception reading https://chromedriver.storage.googleapis.com/LATEST_RELEASE_116 to get latest version of chromedriver (Error HTTP 404 executing https://chromedriver.storage.googleapis.com/LATEST_RELEASE_116)
[DEBUG] 2023-09-21 17:44:29.011 [main] VersionDetector - Getting driver version for chrome116 from online versions.properties
[DEBUG] 2023-09-21 17:44:29.012 [main] InternalHttpClient - ex-0000000003 preparing request execution
[DEBUG] 2023-09-21 17:44:29.012 [main] ProtocolExec - ex-0000000003 target auth state: UNCHALLENGED
[DEBUG] 2023-09-21 17:44:29.012 [main] ProtocolExec - ex-0000000003 proxy auth state: UNCHALLENGED
[DEBUG] 2023-09-21 17:44:29.012 [main] ConnectExec - ex-0000000003 acquiring connection with route {s}->https://raw.githubusercontent.com:443
[DEBUG] 2023-09-21 17:44:29.012 [main] InternalHttpClient - ex-0000000003 acquiring endpoint (3 MINUTES)
[DEBUG] 2023-09-21 17:44:29.012 [main] PoolingHttpClientConnectionManager - ex-0000000003 endpoint lease request (3 MINUTES) [route: {s}->https://raw.githubusercontent.com:443][total available: 1; route allocated: 1 of 5; total allocated: 2 of 25]
[DEBUG] 2023-09-21 17:44:29.012 [main] PoolingHttpClientConnectionManager - ex-0000000003 endpoint leased [route: {s}->https://raw.githubusercontent.com:443][total available: 0; route allocated: 1 of 5; total allocated: 2 of 25]
[DEBUG] 2023-09-21 17:44:29.013 [main] PoolingHttpClientConnectionManager - ex-0000000003 acquired ep-0000000003
[DEBUG] 2023-09-21 17:44:29.013 [main] InternalHttpClient - ex-0000000003 acquired endpoint ep-0000000003
[DEBUG] 2023-09-21 17:44:29.013 [main] MainClientExec - ex-0000000003 executing GET /bonigarcia/webdrivermanager/master/src/main/resources/versions.properties HTTP/1.1
[DEBUG] 2023-09-21 17:44:29.013 [main] RequestAddCookies - ex-0000000003 Cookie spec selected: strict
[DEBUG] 2023-09-21 17:44:29.013 [main] InternalHttpClient - ep-0000000003 start execution ex-0000000003
[DEBUG] 2023-09-21 17:44:29.013 [main] PoolingHttpClientConnectionManager - ep-0000000003 executing exchange ex-0000000003 over http-outgoing-0
[DEBUG] 2023-09-21 17:44:29.013 [main] headers - http-outgoing-0 >> GET /bonigarcia/webdrivermanager/master/src/main/resources/versions.properties HTTP/1.1
[DEBUG] 2023-09-21 17:44:29.013 [main] headers - http-outgoing-0 >> user-agent: Apache-HttpClient/5.0
[DEBUG] 2023-09-21 17:44:29.013 [main] headers - http-outgoing-0 >> accept-encoding: gzip, deflate, br
[DEBUG] 2023-09-21 17:44:29.013 [main] headers - http-outgoing-0 >> cache-control: max-age=0
[DEBUG] 2023-09-21 17:44:29.013 [main] headers - http-outgoing-0 >> connection: keep-alive
[DEBUG] 2023-09-21 17:44:29.013 [main] headers - http-outgoing-0 >> Host: raw.githubusercontent.com
[DEBUG] 2023-09-21 17:44:29.013 [main] wire - http-outgoing-0 >> "GET /bonigarcia/webdrivermanager/master/src/main/resources/versions.properties HTTP/1.1[\r][\n]"
[DEBUG] 2023-09-21 17:44:29.013 [main] wire - http-outgoing-0 >> "user-agent: Apache-HttpClient/5.0[\r][\n]"
[DEBUG] 2023-09-21 17:44:29.013 [main] wire - http-outgoing-0 >> "accept-encoding: gzip, deflate, br[\r][\n]"
[DEBUG] 2023-09-21 17:44:29.013 [main] wire - http-outgoing-0 >> "cache-control: max-age=0[\r][\n]"
[DEBUG] 2023-09-21 17:44:29.013 [main] wire - http-outgoing-0 >> "connection: keep-alive[\r][\n]"
[DEBUG] 2023-09-21 17:44:29.013 [main] wire - http-outgoing-0 >> "Host: raw.githubusercontent.com[\r][\n]"
[DEBUG] 2023-09-21 17:44:29.013 [main] wire - http-outgoing-0 >> "[\r][\n]"
[DEBUG] 2023-09-21 17:44:29.201 [main] wire - http-outgoing-0 << "HTTP/1.1 200 OK[\r][\n]"
[DEBUG] 2023-09-21 17:44:29.202 [main] wire - http-outgoing-0 << "Connection: keep-alive[\r][\n]"
[DEBUG] 2023-09-21 17:44:29.202 [main] wire - http-outgoing-0 << "Content-Length: 1615[\r][\n]"
[DEBUG] 2023-09-21 17:44:29.202 [main] wire - http-outgoing-0 << "Cache-Control: max-age=300[\r][\n]"
[DEBUG] 2023-09-21 17:44:29.202 [main] wire - http-outgoing-0 << "Content-Security-Policy: default-src 'none'; style-src 'unsafe-inline'; sandbox[\r][\n]"
[DEBUG] 2023-09-21 17:44:29.202 [main] wire - http-outgoing-0 << "Content-Type: text/plain; charset=utf-8[\r][\n]"
[DEBUG] 2023-09-21 17:44:29.202 [main] wire - http-outgoing-0 << "ETag: W/"65e8ec46ef4920945cc03f0386cc600d8027ed4440e101d5729220d93bfa6f0f"[\r][\n]"
[DEBUG] 2023-09-21 17:44:29.202 [main] wire - http-outgoing-0 << "Strict-Transport-Security: max-age=31536000[\r][\n]"
[DEBUG] 2023-09-21 17:44:29.202 [main] wire - http-outgoing-0 << "X-Content-Type-Options: nosniff[\r][\n]"
[DEBUG] 2023-09-21 17:44:29.202 [main] wire - http-outgoing-0 << "X-Frame-Options: deny[\r][\n]"
[DEBUG] 2023-09-21 17:44:29.202 [main] wire - http-outgoing-0 << "X-XSS-Protection: 1; mode=block[\r][\n]"
[DEBUG] 2023-09-21 17:44:29.202 [main] wire - http-outgoing-0 << "X-GitHub-Request-Id: C78E:881C:556836:5860F9:650B81B7[\r][\n]"
[DEBUG] 2023-09-21 17:44:29.202 [main] wire - http-outgoing-0 << "Content-Encoding: gzip[\r][\n]"
[DEBUG] 2023-09-21 17:44:29.202 [main] wire - http-outgoing-0 << "Accept-Ranges: bytes[\r][\n]"
[DEBUG] 2023-09-21 17:44:29.202 [main] wire - http-outgoing-0 << "Date: Thu, 21 Sep 2023 15:44:30 GMT[\r][\n]"
[DEBUG] 2023-09-21 17:44:29.202 [main] wire - http-outgoing-0 << "Via: 1.1 varnish[\r][\n]"
[DEBUG] 2023-09-21 17:44:29.202 [main] wire - http-outgoing-0 << "X-Served-By: cache-lon4270-LON[\r][\n]"
[DEBUG] 2023-09-21 17:44:29.202 [main] wire - http-outgoing-0 << "X-Cache: HIT[\r][\n]"
[DEBUG] 2023-09-21 17:44:29.202 [main] wire - http-outgoing-0 << "X-Cache-Hits: 1[\r][\n]"
[DEBUG] 2023-09-21 17:44:29.202 [main] wire - http-outgoing-0 << "X-Timer: S1695311070.094549,VS0,VE113[\r][\n]"
[DEBUG] 2023-09-21 17:44:29.202 [main] wire - http-outgoing-0 << "Vary: Authorization,Accept-Encoding,Origin[\r][\n]"
[DEBUG] 2023-09-21 17:44:29.202 [main] wire - http-outgoing-0 << "Access-Control-Allow-Origin: *[\r][\n]"
[DEBUG] 2023-09-21 17:44:29.202 [main] wire - http-outgoing-0 << "Cross-Origin-Resource-Policy: cross-origin[\r][\n]"
[DEBUG] 2023-09-21 17:44:29.202 [main] wire - http-outgoing-0 << "X-Fastly-Request-ID: b47524f91c7d1eabffb0476cfe6820d29881d1a2[\r][\n]"
[DEBUG] 2023-09-21 17:44:29.203 [main] wire - http-outgoing-0 << "Expires: Thu, 21 Sep 2023 15:49:30 GMT[\r][\n]"
[DEBUG] 2023-09-21 17:44:29.203 [main] wire - http-outgoing-0 << "Source-Age: 0[\r][\n]"
[DEBUG] 2023-09-21 17:44:29.203 [main] wire - http-outgoing-0 << "[\r][\n]"
[DEBUG] 2023-09-21 17:44:29.203 [main] headers - http-outgoing-0 << HTTP/1.1 200 OK
[DEBUG] 2023-09-21 17:44:29.203 [main] headers - http-outgoing-0 << Connection: keep-alive
[DEBUG] 2023-09-21 17:44:29.203 [main] headers - http-outgoing-0 << Content-Length: 1615
[DEBUG] 2023-09-21 17:44:29.203 [main] headers - http-outgoing-0 << Cache-Control: max-age=300
[DEBUG] 2023-09-21 17:44:29.203 [main] headers - http-outgoing-0 << Content-Security-Policy: default-src 'none'; style-src 'unsafe-inline'; sandbox
[DEBUG] 2023-09-21 17:44:29.203 [main] headers - http-outgoing-0 << Content-Type: text/plain; charset=utf-8
[DEBUG] 2023-09-21 17:44:29.203 [main] headers - http-outgoing-0 << ETag: W/"65e8ec46ef4920945cc03f0386cc600d8027ed4440e101d5729220d93bfa6f0f"
[DEBUG] 2023-09-21 17:44:29.203 [main] headers - http-outgoing-0 << Strict-Transport-Security: max-age=31536000
[DEBUG] 2023-09-21 17:44:29.203 [main] headers - http-outgoing-0 << X-Content-Type-Options: nosniff
[DEBUG] 2023-09-21 17:44:29.203 [main] headers - http-outgoing-0 << X-Frame-Options: deny
[DEBUG] 2023-09-21 17:44:29.203 [main] headers - http-outgoing-0 << X-XSS-Protection: 1; mode=block
[DEBUG] 2023-09-21 17:44:29.203 [main] headers - http-outgoing-0 << X-GitHub-Request-Id: C78E:881C:556836:5860F9:650B81B7
[DEBUG] 2023-09-21 17:44:29.204 [main] headers - http-outgoing-0 << Content-Encoding: gzip
[DEBUG] 2023-09-21 17:44:29.204 [main] headers - http-outgoing-0 << Accept-Ranges: bytes
[DEBUG] 2023-09-21 17:44:29.204 [main] headers - http-outgoing-0 << Date: Thu, 21 Sep 2023 15:44:30 GMT
[DEBUG] 2023-09-21 17:44:29.204 [main] headers - http-outgoing-0 << Via: 1.1 varnish
[DEBUG] 2023-09-21 17:44:29.204 [main] headers - http-outgoing-0 << X-Served-By: cache-lon4270-LON
[DEBUG] 2023-09-21 17:44:29.204 [main] headers - http-outgoing-0 << X-Cache: HIT
[DEBUG] 2023-09-21 17:44:29.204 [main] headers - http-outgoing-0 << X-Cache-Hits: 1
[DEBUG] 2023-09-21 17:44:29.204 [main] headers - http-outgoing-0 << X-Timer: S1695311070.094549,VS0,VE113
[DEBUG] 2023-09-21 17:44:29.204 [main] headers - http-outgoing-0 << Vary: Authorization,Accept-Encoding,Origin
[DEBUG] 2023-09-21 17:44:29.204 [main] headers - http-outgoing-0 << Access-Control-Allow-Origin: *
[DEBUG] 2023-09-21 17:44:29.204 [main] headers - http-outgoing-0 << Cross-Origin-Resource-Policy: cross-origin
[DEBUG] 2023-09-21 17:44:29.204 [main] headers - http-outgoing-0 << X-Fastly-Request-ID: b47524f91c7d1eabffb0476cfe6820d29881d1a2
[DEBUG] 2023-09-21 17:44:29.204 [main] headers - http-outgoing-0 << Expires: Thu, 21 Sep 2023 15:49:30 GMT
[DEBUG] 2023-09-21 17:44:29.204 [main] headers - http-outgoing-0 << Source-Age: 0
[DEBUG] 2023-09-21 17:44:29.204 [main] MainClientExec - ex-0000000003 connection can be kept alive for 3 MINUTES
[DEBUG] 2023-09-21 17:44:29.205 [main] wire - http-outgoing-0 << "[0x1f][0xffffff8b][0x8][0x0][0x0][0x0][0x0][0x0][0x0][0x3][0xffffff8d][0xffffff97]Ko#7[0xc][0xffffffc7][0xffffffef][0xfffffff9][0x14][0x3][0xfffffff4][0x1c]YO[0xffffff8a][\n]"
[DEBUG] 2023-09-21 17:44:29.205 [main] wire - http-outgoing-0 << "[0xffffffa0]K[0xffffff9f][0xffffffa7][0xffffffa2][0xffffff87][0xfffffff6][0xb]x[0xffffffed]Ib[0xffffffac][0xffffffe3][0x9]lg[0xffffffb3][0xffffffe8][0xffffffa7]/[0xfffffff5][0xffffffa0]F[0xffffff96][[0xffffffa0][0xffffff87]`[0xffffff97]?k$[0xffffff92][0xffffffe2]p[0xfffffffe][0xfffffffc]a[0xfffffffa][0xffffffeb][0xfffffff5]p[0xffffff99][0xffffff9e][0xf][0xffffffc7]y[0xffffffda]-[0xffffffa7][0xffffffeb][0xfffffff6]p[0xffffffba]L[0xffffffd7][0xffffffd7]y[0xfffffffa]zZ>O[0xffffffd3][0xfffffffe]|[0xfffffff8]6[0xffffff9f]'[0xfffffffa][0xffffffbb][0x1c][0x16][0xfffffffa]e[0xffffffb7][0xffffffbc][0xffffffbd]o[0xffffffaf][0xffffff87]/[0xffffffb4][0xfffffffa][0xfffffff3]p}[0xffffffcd]+w[0xffffffcb][0xfffffff9]<_[0xffffffde][0xffffff97][0xffffffd3][0xfffffffe]pz[0xffffff99][0xffffffbe][0xffffff9c][0xffffff97][0xffffffcf][0xffffffcb][0xfffffffa][0xffffffc8][0xffffffc3][0xffffffc3][0xf][0xffffffd3][0xffffff8f][0x5]=M[0xffffffbf]-[0xffffffcb][0xb]=[0xfffffff9][0xffffffd3][0xffffffeb]yy[0xffffff9b][0xffffffa7][0xffffffed]i_[0xfffffffe]{[0xfffffff8]x[0xffffff9b][0x1e][0xffffffa7][0xffffff9f][0xfffffff3]QO[0xffffffd3].[0xffffffff]Z[0xe][0xffffffa6][0xffffff87][0xffffffff]\>[0xffffffce][0xffffffbb][0xfffffff9]iz[0xffffffbd]^[0xffffffdf][0xffffff9f]6[0xffffff9b][0xfffffffe]W[0xffffffb1][0xffffffab]O[0xffffff8b][0xffffffe5][0xfffffffc][0xffffffb2][0xffffffd9][0xffffff93][0xffffffbf][0xffffffc7]e[0xffffffbb][0xffffffbf]<[0xffffff94]5J[0xffffffd9]H[0x7f]B[\n]"
[DEBUG] 2023-09-21 17:44:29.205 [main] wire - http-outgoing-0 << "[0xffffffe7][0xffffff8d][0x13]A6n[0xffffff88][0xffffff9b][0xffffffc4][0xffffffc1]k[0x1][0xffffffa6]qM\g[0xffffffae][0xffffff9c][0xffffffb0][0xffffffa1]qE\%[0xffffffee][0xffffffc0][0x8][0xffffffb0][0xffffff8d]K[0xffffffe2]2q[0xffffff8b]Jx[0xffffffcf]\[0xffffff86]H[0x7f][0xffffff99][0xffffffd3][0xfffffff1][0xffffffbe][0xffffffad][0xffffff97]H[0x1c][0x13]7.[0x8][0xffffffaf][0x1a][0xfffffff7][0xffffffc4]}[0xffffffe6][0xffffffd2][\n]"
[DEBUG] 2023-09-21 17:44:29.205 [main] wire - http-outgoing-0 << "[0xffffffd0][0xffffff8d][0x3]qH\[0xffffffdb] `][0xffffffef][0xffffff88][0xffffffbb][0xffffffc4]Up[0xfffffff4]c[0xffffffe3][0x14][0xffffffaf][0xffffffcc][0xfffffff1][0xffffffa6]0|[0xfffffff3]_R[0xffffffbc]2[0xffffffc7]+A[\n]"
[DEBUG] 2023-09-21 17:44:29.205 [main] wire - http-outgoing-0 << "eV[0xffffff87](`[0xffffff99][0x3][0xffffff96][0xffffffb4]_w[0x0][0x5],S[0xffffffc0]68%[0xffffffec][0xffffffca])`[0xffffff99][0x2][0xffffffb6][0x18]@[0x0]'4[0xffffff84][0x18]B[0xffffffa6][0xffffffd6][0xffffffd2][0xffffffd9]L1[0xffffff86][0x14][0xffffffac][0xfffffff5][0xe][0x5][0x1d][0xffffffc3][0xffffffd8][0xffffffc7][0xffffff90]b[0xffffffb5][0x10][0xfffffff4][0xffffff9a][0xffffff83][0x0]1@[0xffffffa6]`[0xffffff85]uL][0xc].S[0xffffff83][0x2]8[0xffffff9e]`c[0xffffffb0][0xffffff99]Rr[0xffffffe8]"[0x19][0xffffff9b][0x18]R[0xffffff90][0xffffffd6]y[0xffffffbf]^j[0xffffffd0]1[0xffffffe8]L[0xffffffe9]J)[0xffffffcb][0xffffff8c]U[0xc]9@K[0x15]@[0xffffffb1]2[0xffffff96]1[0xffffffe4][0xfffffff8][0xffffffac][0xffffff91]Bs[0xffffff9e]0D[0xffffffcc][0xfffffff1][0x19][0xfffffffa]G[0xfffffff3][0xffffffce][0xffffff88][0x11]s|F[[0x11][0xffffff80][0xffffffa9][0xffffff8f][0xffffff98][0xffffffc3][0xffffffd3]([0x5]"S[0xffffff88][0xffffff98][0xffffffc3][0xffffffd3][0xffffff96][0xfffffff6][0xffffffe5]T[0xffffffa0][0xffffff8b][0xffffff98][0xffffffc3]Sh[0x4][0xffffffb2]kh#[0xffffffe6][0xfffffff0][0xffffff94][0xfffffff5][0xffffffc2]p[0xffffff8e][0xffffffd1]D[0xffffffcc][0xffffffd1][0xffffffa5][0xffffff9b]4[0xffffff9c][\n]"
[DEBUG] 2023-09-21 17:44:29.205 [main] wire - http-outgoing-0 << "T[0x11]s[0x18][0xffffff92]2[0xffffffaf]L;NFLa[0xffffff98]@[0xffffffbe]P[0x9]U[0xffffffec]C[0xfffffff4]!c[0xffffffeb][0xffffff84]i[0x14][0xffffffa3][0xffffffc7]L[0xffffffa9]v[0xffffffa8][0xffffffae][0x18][0xfffffffb][0xffffffe8]S [0x6][0xffffff81][0xffffffde][0x5]v[0xffffffc3]C[0xfffffff4][0xffffff90])[0x15][0xffffffb8][0xffffffd2]m[0xf][0x17]}[0xffffff8a][0xffffffc4]xO[0x5][0xffffffb6][0xffffffae][0xffffffb6][0xffffffd1][0xffffffdb][0xffffff8c]5[0xffffffd5]/C[0x13]}[0xffffff8a][0xffffffc4][0x0][0x5][0x4][0xffffffec][0xffffffb2][0xffffffd7]Q[0xffffffd3][0xffffff8d][0xffffffb2][0xffffffa5]n,[0xffffff99],v[0xc]B[0xffffffb2][0xfffffff8]n[0x0][0xffffff93][0xffffffc5][0x19][0x5][0xffffff9f],[0xffffffbe]M[0xffffff80]d[0xffffffb1]3[0xffffffe0][0xffffffc8]j)[0x2][0xffffff9b],[0xffffffce]9[0xffffff98]d[0xfffffff1]y[0xffffff90]|1[0xffffffed][0xffffffbc][0xffffffe4]K{g [0xfffffff9]b[0xffffffcc]MW[0xfffffffb]}[0xfffffff9][0xfffffffb]p<n[0xffffffa7]_[0xf][0xffffffe7][0xfffffff9]y[0xfffffff9][0xffffffde][0xffffffb5][0xffffffb2][0xffffff97]y[0xfffffff7]u[0xfffffff9][0xffffffd7]Nv[0xffffffa1]V[0xfffffff6]B[\r][0xfffffff4][0xffffffe3][0xffffff8b][0xffffffa0][0xffffff96][0xffffffba]y+[l[0xffffffba][0x7]6[0xffffffe7][0xfffffff9]8o/[0xfffffff3][0xffffffe5][0xffffffe1][0xffffffb9][0xffffffec][0xffffffab][0x14]FJ[0x1b][0xffffffe5]n%[0xfffffffe][0xffffff8e][0xffffffc0][0x1d]qw[0xffffffc4][0xffffffde][0x11]sG[0xfffffff4][0x1d]QwD&[0xffffffa2][0xffffff85]n[0xffffff84]:_&[0xffffffeb][0x1a][0xffffff89]w[0xffffffc4][0xffffffdf][0x11][0xffffffb8]#[0xffffffee][0xffffff8e]d[0xffffff9f]UO[0xffffffcc][0x1d][0xffffffd1]wD[0xffffffdd][0x11]9[0xffffff90][0x10]F[0xffffff80]#[0xfffffff0]#[0xffffff80][0x11][0xffffffb8][0x11][0xffffff8c][0xffffffde][0xffffff86][0xffffffd1][0xffffffd9]0[0xfffffffa][0x1a]FWC[0xfffffff2][0xffffff94][0xffffffde][0xffffff9b][0xe][0xffffff88][0xffffffe3][0xffffffe1][0xfffffff4][0xfffffff1][0xffffffbd]`[0xffffffc5][0x18][0xffffffc3][0xffffffb0][0xe]q[0x4]~[0x4]0[0x2]7[0x2];[0xffffff82][0x14][0xffffff80][0xffffffc6][0xe][0xffffffe8][0x11][0xffffffa4][0x0][0xffffffb4][0xffffffef][0xffffff80][0x1c][0xffffff80][0xf]#[0xffffffc8][0xffffff9e]B[0x7][0xfffffffc][0x8]`[0x4]n[0x4]v[0x4]f[0x4]z[0x4]j[0x4]r[0x0][0x10]F[0xffffff90]=u[0x1d][0xffffffc8][0xffffff9e][0xffffffda][0xe][0xffffffc0][0x8][0xffffffdc][0x8][0xffffffb2][0xffffffa7][0xffffffdd][0xb][0x4]f[0x4][0xffffffd9][0xffffffd3][0xffffffae][0xffffffec]!{[0xffffffda][0x15][0x5][0xffffffc8][0x1][0xffffffb8]0[0x2][0x1c][0xffffff81][0x1f]A[0xfffffff6]Tv[0xffffffc0]1[0xffffffe8][0xffffffbb][0xffffffda][0x1f][0xffffffef][0xfffffff3]y[0xffffffdb][0xfffffff5][0xffffffb2]%[0xffffffd9][0xffffffff][0xffffffa7][0xffffff97][0xffffffe5][0xffffff85][0xffffff97][0xffffffe5][0xfffffff9][0xfffffffa][0xffffffb9]=[0xffffffcf][0xffffffc5]b[0xffffff9d]6v[0xffffffb6][0xfffffffc]c[0xffffff96]!*[0xffffffeb][0x1c][0xffffffa4][0xf]S[0xfffffff0][0xffffff8c][0xffffff93][0xffffffec][0xffffffca]2[0xffffffc7]S[0xffffffe9]+[0xffffffd2][\n]"
[DEBUG] 2023-09-21 17:44:29.205 [main] wire - http-outgoing-0 << "[0xffffff95][0xffffffcb]^[0xffffffd6]Q[0x17]*[0xffffff9c]^[0xffffffe4]N[0xffffffd5])][0xffffffb7][0xffffffa1][0xffffffd7][0xffffffb9][0x13]u[0xffffffc8][0xffffffd4][0xffffffdf]H:W)[0xfffffff4][0xffffff82][0xffffff8e][0xe][0xffffffaa][0xffffffd8][0xfffffff5]zNi[0xffffffc6][0xffffffb6][0xffffff97]s!Tjz1G[\n]"
[DEBUG] 2023-09-21 17:44:29.205 [main] wire - http-outgoing-0 << "[0xffffffa0]P[0xffffffdd]K9[0xffffffa5]x[0xffffffb1][0xffffffea][0xffffff95]\[0x12]I[0x5][0xffffffcb]^[0xffffffc8]a[\r][0x1c]C/[0xffffffe3][0x0]*[0xffffffc5]A[0xffffffc3][0x15][0xffffffea]{[0x5]G[0xffffff92][0xffffffb5]P[0xffffffe8][0xfffffff5][K[0x11][0xffffffbd][0xfffffffd]7[0xfffffffa][0xffffffad]@[0xffffffdb][0xffffffc9]7[0xffffffac][0xffffff8e]Q[0x17][0xffffffb8][0x11]o[0x5][0xffffffea][[0xffffffed]V[0xffffffa0][0xffffffea][0xffffffa4][0xffffff9b][0xffffffe3][0xfffffff3]e[0xffffffa7][0xffffffdc][0xffffffd8]U[0xffffffea][\n]"
[DEBUG] 2023-09-21 17:44:29.205 [main] wire - http-outgoing-0 << "7[0xffffffba][0xffffffad]@[0x1c]d[[0xffffffa1][0xffffffbe]Sm[0xffffff9e]!t[0xffffff9a][\r][0xffffffeb][0xfffffff1][0xffffffd4]&V[0xffffffc9][0xffffffc6][0xffffffde]S[0xffffffab]X[0x15][0x1b]%[0xffffffb8]R[0xffffffd3])6[0xffffffe0]Mu'[0xffffffd8][0xffffffb0]^8[0xfffffff5][0xffffff8d]U[0xffffffaf][0xffffffb5][0xffffffcb][0xffffffa2][0xffffffe6][0xffffffb1][0xffffffea]5[0xffffffac][0x17]K[\r]d[0xffffff95]k\[0xffffffd1][0xffffffd4]D:[0xffffffb5][0xffffffa6]j[0xffffffa8][0xffffffd4]Iz[0xffffffb1]V[0xffffffcf][0xffffffa2]v[0xffffffb2]j5[0xffffffcf][0xffffffbb][0xffffffba]N[0xffffffaa]q)S[Y[0xffffff85]Z+N[0xffffffea]-[0xffffff9d]P3[0xffffffd5]Wj0[0xffffff9d]NkgU}[0xffffff95][\r][0x17]z[0xffffffa3][0xffffffaa][0xffffffab]bTqU[0xffffff8c][0xffffffaa][0xffffffad][0xffffff8a]Q[0xffffffa5]U1[0xffffffaa][0xffffffb2]*F[0x15]V[0xffffffc5][0xffffffa8][0xffffffba][0xffffffaa][0x18][0xffffffaa][0x8][0xffffffa9]b[0xffffffc8][0xffffffce][0xffffffb0][0xffffffc9][0x3][0xfffffff6][0xffffffd8]&[0xf]L=[0xffffffc7]&[0xf]tM[0xffffff86][0xffffff85]b[0xffffffdc]([0xffffffb1][0xffffffc3][0xffffffee][0xffffffbc][0xffffffa4][0xffffffd6]3[0xfffffffd][0xffffffb2][0x7f][0xffffff99][0xffffffbb][0xffffffe6][0xfffffff5]v[0xffffff99][0x9][0xfffffffc]g[0xfffffff7][0xffffffda][0xffffffcf][0xffffffdf][0xffffffe6]c[0xffffffda]U[0xffffffbc][0xfffffff1][0xe][0xffffffb9][0xffffff95][0xffffffcd][0xffffffa7][0xffffffc7][0xffffff8f][0xffffffcb][0xffffffa6][0xffffffb1][0xffffffc7][0xffffffb4][0xffffffc9][0xffffffe6][0xffffffba],[0xffffffc7][0xffffffcb][0xffffffe6]s[0xfffffffe]R[0xffffffbb][0xffffffd9]C[0xffffffa2][0xffffffeb][0xffffffb0][0xffffffa9][0xffffff90]Z[0xffffffba][0xffffffc2]Jy[0xffffffd4]T[0xffffff9e][0xffffff94]0e[0xffffffb2]P[0x1e]4[0xffffff95][0xffffffd7][0xffffffb9][0xffffff90][0xb][0xffffffe5]1S[0x1][0xffffffa8]4[0x6][0x16][0xffffffca]C[0xffffffa6]rT[0x1f][0xffffff94][0xffffffbd]L[0xffffffdb][0xffffff88][0xffffffa9][0xffffff9c]B[0xffffffe1][0xffffffeb]im[0xffffffc0]T[0x16]h_[0xffffffa8][0xffffff94][0xffffffc7]K[0x12][0xffffffe6][0xffffffe9][0xffffffe3][ [0xffffffcf][0xffffff96][0xffffffca][0xfffffff8][0xfffffff4][0xffffffa9][0xffffffab][0xffffff94]'K[0x1a][0x12][\r]u[0xffffffb0]Jy[0xffffffae]T[0xffffff9a][0xffffffde]T[0xffffffcf];[0xfffffff0]TIc[0xffffff80]mA[0xffffffb4][0xffffff91]Ri*\[0xffffff92][0xffffffe9][0xffffff85][0xfffffff2]@[0xffffffa9][0xffffffb4][0xffffff92][0xffffffeb][0xffffffbe]<N[0xffffff92]"
[DEBUG] 2023-09-21 17:44:29.206 [main] wire - http-outgoing-0 << "[0xffffffb2]ui[0xffffffa8]I[0xffffff94][0xffffff87]Ij[0xfffffffd][0xffffffa9]Q[0x14]VGI[0xffffff95][0xffffffa2][0xffffffab][0xffffff89][0xffffffe1]9[0xffffff92]B[0xffffffd3][0xffffff8d][0xffffffd5])[0xffffff92]b[0xffffffb0][0xffffff8d][0xffffffd5][0x19][0xffffff92][0xffffffbc]j'[0xfffffff3][0x4][0x19][0xffffffa8][0xffffffc7][0x18]UP[0xffffff9d][0x1e][0x3][0xffffffa5][0xffffffde][0xffffffd4]Uut[0xc]r=[0xffffffa0][0xffffff8e][0xffffff8d][0xffffff98]:]}[0xffffffb0][0xffffff8e][0xffffff8c]H[0xffffff81][0x15][0xffffffc2][0xffffffe3]b[0xffffffba][0xfffffff1]r1<*z[0xffffffca]m}[0xffffff8c][0xffffffe7]D[0xffffff80]P[0xffffffaf][0xffffff84]gD[0xffffffa0][0xffffff92][0xffffff80][0xffffff92][0xb][0x1e][0x10]]Jp]U[0xffffffa7]C[0xffffff97][0xffffff95]E&<[0x19]Rkp[0xfffffff5]<[0xffffffea]^[0xffffffa5]{[0x6][0xfffffff6][0xffffff89][0x7]E[0xfffffffa][0xffffffce][0xffffffd6][0xffffffab]jC"ELu[0xffffff97]Y[0xffffff9b][0x10]S[0xffffffcd][0x16]R[0xffffffa7]C[0xffffffed][0xffffffb9]tx0[0xffffffd4][0xffffffa6][0xffffff91]:[0x14][0xffffffa6][0xffffffb6]XI[0xffffff9d][0x7][0xffffff95][0xffffffa1][0xffffff81][0xffffffb9] k[0xffffffe3][0xfffffffb]y~<[0xffffff9c].[0xffffffd7][0xffffffed][0xfffffff1]8[0xffffffef][0xb][0xffffffd4][0x11][0xffffffd2][0xffffff97][0xffffffdd][0xffffff94]:[0xffffffb1]*R[0xb][0x3][0x1d]J[0xfffffff8]VF[0xffffffea][0xffffff93][0xfffffff4][0xffffffb5]+[0xfffffff7]a0[0xffffffd2][0xffffff8b]eM([0xffffffa6]NM[0xffffff87]n[0x1a]K[0xffffff8d]h*[0xffffffa6]t[0xffffffc9][0xffffffd4][0xffffff93][0xfffffffe][0x1][0xffffffa9][0xffffff9e].[0xffffff9b][0xffffffd3][0x12][0x0][0x0]"
[DEBUG] 2023-09-21 17:44:29.206 [main] InternalHttpClient - ep-0000000003 releasing valid endpoint
[DEBUG] 2023-09-21 17:44:29.206 [main] PoolingHttpClientConnectionManager - ep-0000000003 releasing endpoint
[DEBUG] 2023-09-21 17:44:29.206 [main] PoolingHttpClientConnectionManager - ep-0000000003 connection http-outgoing-0 can be kept alive for 3 MINUTES
[DEBUG] 2023-09-21 17:44:29.206 [main] PoolingHttpClientConnectionManager - ep-0000000003 connection released [route: {s}->https://raw.githubusercontent.com:443][total available: 1; route allocated: 1 of 5; total allocated: 2 of 25]
[DEBUG] 2023-09-21 17:44:29.206 [main] VersionDetector - Driver for chrome116 not found in online properties (using local versions.properties)
[DEBUG] 2023-09-21 17:44:29.207 [main] WebDriverManager - The driver version for CHROME 116 is unknown ... trying with latest
[DEBUG] 2023-09-21 17:44:29.209 [main] InternalHttpClient - ex-0000000004 preparing request execution
[DEBUG] 2023-09-21 17:44:29.209 [main] ProtocolExec - ex-0000000004 target auth state: UNCHALLENGED
[DEBUG] 2023-09-21 17:44:29.209 [main] ProtocolExec - ex-0000000004 proxy auth state: UNCHALLENGED
[DEBUG] 2023-09-21 17:44:29.209 [main] ConnectExec - ex-0000000004 acquiring connection with route {s}->https://chromedriver.storage.googleapis.com:443
[DEBUG] 2023-09-21 17:44:29.209 [main] InternalHttpClient - ex-0000000004 acquiring endpoint (3 MINUTES)
[DEBUG] 2023-09-21 17:44:29.210 [main] PoolingHttpClientConnectionManager - ex-0000000004 endpoint lease request (3 MINUTES) [route: {s}->https://chromedriver.storage.googleapis.com:443][total available: 1; route allocated: 1 of 5; total allocated: 2 of 25]
[DEBUG] 2023-09-21 17:44:29.210 [main] PoolingHttpClientConnectionManager - ex-0000000004 endpoint leased [route: {s}->https://chromedriver.storage.googleapis.com:443][total available: 1; route allocated: 2 of 5; total allocated: 3 of 25]
[DEBUG] 2023-09-21 17:44:29.210 [main] PoolingHttpClientConnectionManager - ex-0000000004 acquired ep-0000000004
[DEBUG] 2023-09-21 17:44:29.210 [main] InternalHttpClient - ex-0000000004 acquired endpoint ep-0000000004
[DEBUG] 2023-09-21 17:44:29.210 [main] ConnectExec - ex-0000000004 opening connection {s}->https://chromedriver.storage.googleapis.com:443
[DEBUG] 2023-09-21 17:44:29.210 [main] InternalHttpClient - ep-0000000004 connecting endpoint (null)
[DEBUG] 2023-09-21 17:44:29.210 [main] PoolingHttpClientConnectionManager - ep-0000000004 connecting endpoint to https://chromedriver.storage.googleapis.com:443 (30 SECONDS)
[DEBUG] 2023-09-21 17:44:29.210 [main] DefaultHttpClientConnectionOperator - chromedriver.storage.googleapis.com resolving remote address
[DEBUG] 2023-09-21 17:44:29.210 [main] DefaultHttpClientConnectionOperator - chromedriver.storage.googleapis.com resolved to [chromedriver.storage.googleapis.com/142.251.37.59, chromedriver.storage.googleapis.com/142.251.37.187, chromedriver.storage.googleapis.com/142.251.37.219, chromedriver.storage.googleapis.com/142.251.37.251, chromedriver.storage.googleapis.com/172.217.18.59, chromedriver.storage.googleapis.com/172.217.18.251, chromedriver.storage.googleapis.com/172.217.19.59, chromedriver.storage.googleapis.com/172.217.19.155, chromedriver.storage.googleapis.com/142.250.200.219, chromedriver.storage.googleapis.com/142.250.200.251, chromedriver.storage.googleapis.com/142.250.201.27, chromedriver.storage.googleapis.com/142.250.201.59, chromedriver.storage.googleapis.com/142.250.203.251, chromedriver.storage.googleapis.com/216.58.212.123, chromedriver.storage.googleapis.com/2a00:1450:4006:810:0:0:0:201b, chromedriver.storage.googleapis.com/2a00:1450:4006:811:0:0:0:201b, chromedriver.storage.googleapis.com/2a00:1450:4006:800:0:0:0:201b, chromedriver.storage.googleapis.com/2a00:1450:4006:80b:0:0:0:201b]
[DEBUG] 2023-09-21 17:44:29.210 [main] DefaultHttpClientConnectionOperator - chromedriver.storage.googleapis.com:443 connecting null->chromedriver.storage.googleapis.com/142.251.37.59:443 (30 SECONDS)
[DEBUG] 2023-09-21 17:44:29.210 [main] SSLConnectionSocketFactory - Connecting socket to chromedriver.storage.googleapis.com/142.251.37.59:443 with timeout 30 SECONDS
[DEBUG] 2023-09-21 17:44:29.256 [main] SSLConnectionSocketFactory - Enabled protocols: [TLSv1.3, TLSv1.2]
[DEBUG] 2023-09-21 17:44:29.256 [main] SSLConnectionSocketFactory - Enabled cipher suites: [TLS_AES_256_GCM_SHA384, TLS_AES_128_GCM_SHA256, TLS_CHACHA20_POLY1305_SHA256, TLS_ECDHE_ECDSA_WITH_AES_256_GCM_SHA384, TLS_ECDHE_ECDSA_WITH_AES_128_GCM_SHA256, TLS_ECDHE_ECDSA_WITH_CHACHA20_POLY1305_SHA256, TLS_ECDHE_RSA_WITH_AES_256_GCM_SHA384, TLS_ECDHE_RSA_WITH_CHACHA20_POLY1305_SHA256, TLS_ECDHE_RSA_WITH_AES_128_GCM_SHA256, TLS_DHE_RSA_WITH_AES_256_GCM_SHA384, TLS_DHE_RSA_WITH_CHACHA20_POLY1305_SHA256, TLS_DHE_DSS_WITH_AES_256_GCM_SHA384, TLS_DHE_RSA_WITH_AES_128_GCM_SHA256, TLS_DHE_DSS_WITH_AES_128_GCM_SHA256, TLS_ECDHE_ECDSA_WITH_AES_256_CBC_SHA384, TLS_ECDHE_RSA_WITH_AES_256_CBC_SHA384, TLS_ECDHE_ECDSA_WITH_AES_128_CBC_SHA256, TLS_ECDHE_RSA_WITH_AES_128_CBC_SHA256, TLS_DHE_RSA_WITH_AES_256_CBC_SHA256, TLS_DHE_DSS_WITH_AES_256_CBC_SHA256, TLS_DHE_RSA_WITH_AES_128_CBC_SHA256, TLS_DHE_DSS_WITH_AES_128_CBC_SHA256, TLS_ECDH_ECDSA_WITH_AES_256_GCM_SHA384, TLS_ECDH_RSA_WITH_AES_256_GCM_SHA384, TLS_ECDH_ECDSA_WITH_AES_128_GCM_SHA256, TLS_ECDH_RSA_WITH_AES_128_GCM_SHA256, TLS_ECDH_ECDSA_WITH_AES_256_CBC_SHA384, TLS_ECDH_RSA_WITH_AES_256_CBC_SHA384, TLS_ECDH_ECDSA_WITH_AES_128_CBC_SHA256, TLS_ECDH_RSA_WITH_AES_128_CBC_SHA256, TLS_ECDHE_ECDSA_WITH_AES_256_CBC_SHA, TLS_ECDHE_RSA_WITH_AES_256_CBC_SHA, TLS_ECDHE_ECDSA_WITH_AES_128_CBC_SHA, TLS_ECDHE_RSA_WITH_AES_128_CBC_SHA, TLS_DHE_RSA_WITH_AES_256_CBC_SHA, TLS_DHE_DSS_WITH_AES_256_CBC_SHA, TLS_DHE_RSA_WITH_AES_128_CBC_SHA, TLS_DHE_DSS_WITH_AES_128_CBC_SHA, TLS_ECDH_ECDSA_WITH_AES_256_CBC_SHA, TLS_ECDH_RSA_WITH_AES_256_CBC_SHA, TLS_ECDH_ECDSA_WITH_AES_128_CBC_SHA, TLS_ECDH_RSA_WITH_AES_128_CBC_SHA, TLS_RSA_WITH_AES_256_GCM_SHA384, TLS_RSA_WITH_AES_128_GCM_SHA256, TLS_RSA_WITH_AES_256_CBC_SHA256, TLS_RSA_WITH_AES_128_CBC_SHA256, TLS_RSA_WITH_AES_256_CBC_SHA, TLS_RSA_WITH_AES_128_CBC_SHA, TLS_EMPTY_RENEGOTIATION_INFO_SCSV]
[DEBUG] 2023-09-21 17:44:29.257 [main] SSLConnectionSocketFactory - Starting handshake (null)
[DEBUG] 2023-09-21 17:44:29.326 [main] SSLConnectionSocketFactory - Secure session established
[DEBUG] 2023-09-21 17:44:29.326 [main] SSLConnectionSocketFactory -  negotiated protocol: TLSv1.3
[DEBUG] 2023-09-21 17:44:29.326 [main] SSLConnectionSocketFactory -  negotiated cipher suite: TLS_AES_256_GCM_SHA384
[DEBUG] 2023-09-21 17:44:29.326 [main] SSLConnectionSocketFactory -  peer principal: CN=*.storage.googleapis.com
[DEBUG] 2023-09-21 17:44:29.326 [main] SSLConnectionSocketFactory -  peer alternative names: [*.storage.googleapis.com, *.googleapis.com, commondatastorage.googleapis.com, *.commondatastorage.googleapis.com, storage.googleapis.com, storage-p2.googleapis.com, *.storage-p2.googleapis.com, storage.mtls.googleapis.com, *.appspot.com.storage.googleapis.com, *.content-storage.googleapis.com, *.content-storage-p2.googleapis.com, *.content-storage-upload.googleapis.com, *.content-storage-download.googleapis.com, *.storage-upload.googleapis.com, *.storage-download.googleapis.com]
[DEBUG] 2023-09-21 17:44:29.326 [main] SSLConnectionSocketFactory -  issuer principal: CN=GTS CA 1C3, O=Google Trust Services LLC, C=US
[DEBUG] 2023-09-21 17:44:29.326 [main] DefaultManagedHttpClientConnection - http-outgoing-2 set socket timeout to 3 MINUTES
[DEBUG] 2023-09-21 17:44:29.326 [main] DefaultHttpClientConnectionOperator - chromedriver.storage.googleapis.com:443 connected null->chromedriver.storage.googleapis.com/142.251.37.59:443 as http-outgoing-2
[DEBUG] 2023-09-21 17:44:29.326 [main] PoolingHttpClientConnectionManager - ep-0000000004 connected http-outgoing-2
[DEBUG] 2023-09-21 17:44:29.326 [main] InternalHttpClient - ep-0000000004 endpoint connected
[DEBUG] 2023-09-21 17:44:29.326 [main] MainClientExec - ex-0000000004 executing GET /LATEST_RELEASE HTTP/1.1
[DEBUG] 2023-09-21 17:44:29.326 [main] RequestAddCookies - ex-0000000004 Cookie spec selected: strict
[DEBUG] 2023-09-21 17:44:29.326 [main] InternalHttpClient - ep-0000000004 start execution ex-0000000004
[DEBUG] 2023-09-21 17:44:29.326 [main] PoolingHttpClientConnectionManager - ep-0000000004 executing exchange ex-0000000004 over http-outgoing-2
[DEBUG] 2023-09-21 17:44:29.327 [main] headers - http-outgoing-2 >> GET /LATEST_RELEASE HTTP/1.1
[DEBUG] 2023-09-21 17:44:29.327 [main] headers - http-outgoing-2 >> user-agent: Apache-HttpClient/5.0
[DEBUG] 2023-09-21 17:44:29.327 [main] headers - http-outgoing-2 >> accept-encoding: gzip, deflate, br
[DEBUG] 2023-09-21 17:44:29.327 [main] headers - http-outgoing-2 >> cache-control: max-age=0
[DEBUG] 2023-09-21 17:44:29.327 [main] headers - http-outgoing-2 >> connection: keep-alive
[DEBUG] 2023-09-21 17:44:29.327 [main] headers - http-outgoing-2 >> Host: chromedriver.storage.googleapis.com
[DEBUG] 2023-09-21 17:44:29.327 [main] wire - http-outgoing-2 >> "GET /LATEST_RELEASE HTTP/1.1[\r][\n]"
[DEBUG] 2023-09-21 17:44:29.327 [main] wire - http-outgoing-2 >> "user-agent: Apache-HttpClient/5.0[\r][\n]"
[DEBUG] 2023-09-21 17:44:29.327 [main] wire - http-outgoing-2 >> "accept-encoding: gzip, deflate, br[\r][\n]"
[DEBUG] 2023-09-21 17:44:29.327 [main] wire - http-outgoing-2 >> "cache-control: max-age=0[\r][\n]"
[DEBUG] 2023-09-21 17:44:29.327 [main] wire - http-outgoing-2 >> "connection: keep-alive[\r][\n]"
[DEBUG] 2023-09-21 17:44:29.327 [main] wire - http-outgoing-2 >> "Host: chromedriver.storage.googleapis.com[\r][\n]"
[DEBUG] 2023-09-21 17:44:29.327 [main] wire - http-outgoing-2 >> "[\r][\n]"
[DEBUG] 2023-09-21 17:44:29.375 [main] wire - http-outgoing-2 << "HTTP/1.1 200 OK[\r][\n]"
[DEBUG] 2023-09-21 17:44:29.375 [main] wire - http-outgoing-2 << "X-GUploader-UploadID: ADPycduUWl3lvEtp3LGQiNRZqVIVlbV5ycYZoc9pu6kcxr7teQqZlccbJZR492A8pI7HAx0kP1UzXkKNpzC1VmUAar_nB2FrAeu5[\r][\n]"
[DEBUG] 2023-09-21 17:44:29.375 [main] wire - http-outgoing-2 << "x-goog-generation: 1685523462105569[\r][\n]"
[DEBUG] 2023-09-21 17:44:29.375 [main] wire - http-outgoing-2 << "x-goog-metageneration: 1[\r][\n]"
[DEBUG] 2023-09-21 17:44:29.375 [main] wire - http-outgoing-2 << "x-goog-stored-content-encoding: identity[\r][\n]"
[DEBUG] 2023-09-21 17:44:29.375 [main] wire - http-outgoing-2 << "x-goog-stored-content-length: 13[\r][\n]"
[DEBUG] 2023-09-21 17:44:29.375 [main] wire - http-outgoing-2 << "x-goog-hash: crc32c=tVW4TA==[\r][\n]"
[DEBUG] 2023-09-21 17:44:29.375 [main] wire - http-outgoing-2 << "x-goog-hash: md5=NoaEuIlBlniwTkiZ1T16sA==[\r][\n]"
[DEBUG] 2023-09-21 17:44:29.375 [main] wire - http-outgoing-2 << "x-goog-storage-class: STANDARD[\r][\n]"
[DEBUG] 2023-09-21 17:44:29.375 [main] wire - http-outgoing-2 << "Accept-Ranges: bytes[\r][\n]"
[DEBUG] 2023-09-21 17:44:29.375 [main] wire - http-outgoing-2 << "Content-Length: 13[\r][\n]"
[DEBUG] 2023-09-21 17:44:29.375 [main] wire - http-outgoing-2 << "Server: UploadServer[\r][\n]"
[DEBUG] 2023-09-21 17:44:29.375 [main] wire - http-outgoing-2 << "Date: Thu, 21 Sep 2023 14:58:06 GMT[\r][\n]"
[DEBUG] 2023-09-21 17:44:29.375 [main] wire - http-outgoing-2 << "Expires: Thu, 21 Sep 2023 15:58:06 GMT[\r][\n]"
[DEBUG] 2023-09-21 17:44:29.375 [main] wire - http-outgoing-2 << "Cache-Control: public, max-age=3600[\r][\n]"
[DEBUG] 2023-09-21 17:44:29.375 [main] wire - http-outgoing-2 << "Age: 2784[\r][\n]"
[DEBUG] 2023-09-21 17:44:29.375 [main] wire - http-outgoing-2 << "Last-Modified: Wed, 31 May 2023 08:57:42 GMT[\r][\n]"
[DEBUG] 2023-09-21 17:44:29.375 [main] wire - http-outgoing-2 << "ETag: "368684b889419678b04e4899d53d7ab0"[\r][\n]"
[DEBUG] 2023-09-21 17:44:29.375 [main] wire - http-outgoing-2 << "Content-Type: text/plain[\r][\n]"
[DEBUG] 2023-09-21 17:44:29.376 [main] wire - http-outgoing-2 << "Alt-Svc: h3=":443"; ma=2592000,h3-29=":443"; ma=2592000[\r][\n]"
[DEBUG] 2023-09-21 17:44:29.376 [main] wire - http-outgoing-2 << "[\r][\n]"
[DEBUG] 2023-09-21 17:44:29.376 [main] wire - http-outgoing-2 << "114.0.5735.90"
[DEBUG] 2023-09-21 17:44:29.376 [main] headers - http-outgoing-2 << HTTP/1.1 200 OK
[DEBUG] 2023-09-21 17:44:29.376 [main] headers - http-outgoing-2 << X-GUploader-UploadID: ADPycduUWl3lvEtp3LGQiNRZqVIVlbV5ycYZoc9pu6kcxr7teQqZlccbJZR492A8pI7HAx0kP1UzXkKNpzC1VmUAar_nB2FrAeu5
[DEBUG] 2023-09-21 17:44:29.376 [main] headers - http-outgoing-2 << x-goog-generation: 1685523462105569
[DEBUG] 2023-09-21 17:44:29.376 [main] headers - http-outgoing-2 << x-goog-metageneration: 1
[DEBUG] 2023-09-21 17:44:29.376 [main] headers - http-outgoing-2 << x-goog-stored-content-encoding: identity
[DEBUG] 2023-09-21 17:44:29.376 [main] headers - http-outgoing-2 << x-goog-stored-content-length: 13
[DEBUG] 2023-09-21 17:44:29.376 [main] headers - http-outgoing-2 << x-goog-hash: crc32c=tVW4TA==
[DEBUG] 2023-09-21 17:44:29.376 [main] headers - http-outgoing-2 << x-goog-hash: md5=NoaEuIlBlniwTkiZ1T16sA==
[DEBUG] 2023-09-21 17:44:29.376 [main] headers - http-outgoing-2 << x-goog-storage-class: STANDARD
[DEBUG] 2023-09-21 17:44:29.376 [main] headers - http-outgoing-2 << Accept-Ranges: bytes
[DEBUG] 2023-09-21 17:44:29.376 [main] headers - http-outgoing-2 << Content-Length: 13
[DEBUG] 2023-09-21 17:44:29.376 [main] headers - http-outgoing-2 << Server: UploadServer
[DEBUG] 2023-09-21 17:44:29.376 [main] headers - http-outgoing-2 << Date: Thu, 21 Sep 2023 14:58:06 GMT
[DEBUG] 2023-09-21 17:44:29.376 [main] headers - http-outgoing-2 << Expires: Thu, 21 Sep 2023 15:58:06 GMT
[DEBUG] 2023-09-21 17:44:29.376 [main] headers - http-outgoing-2 << Cache-Control: public, max-age=3600
[DEBUG] 2023-09-21 17:44:29.376 [main] headers - http-outgoing-2 << Age: 2784
[DEBUG] 2023-09-21 17:44:29.376 [main] headers - http-outgoing-2 << Last-Modified: Wed, 31 May 2023 08:57:42 GMT
[DEBUG] 2023-09-21 17:44:29.376 [main] headers - http-outgoing-2 << ETag: "368684b889419678b04e4899d53d7ab0"
[DEBUG] 2023-09-21 17:44:29.376 [main] headers - http-outgoing-2 << Content-Type: text/plain
[DEBUG] 2023-09-21 17:44:29.376 [main] headers - http-outgoing-2 << Alt-Svc: h3=":443"; ma=2592000,h3-29=":443"; ma=2592000
[DEBUG] 2023-09-21 17:44:29.377 [main] MainClientExec - ex-0000000004 connection can be kept alive for 3 MINUTES
[DEBUG] 2023-09-21 17:44:29.377 [main] InternalHttpClient - ep-0000000004 releasing valid endpoint
[DEBUG] 2023-09-21 17:44:29.377 [main] PoolingHttpClientConnectionManager - ep-0000000004 releasing endpoint
[DEBUG] 2023-09-21 17:44:29.377 [main] PoolingHttpClientConnectionManager - ep-0000000004 connection http-outgoing-2 can be kept alive for 3 MINUTES
[DEBUG] 2023-09-21 17:44:29.377 [main] PoolingHttpClientConnectionManager - ep-0000000004 connection released [route: {s}->https://chromedriver.storage.googleapis.com:443][total available: 2; route allocated: 2 of 5; total allocated: 3 of 25]
[DEBUG] 2023-09-21 17:44:29.377 [main] VersionDetector - Latest version of chromedriver according to https://chromedriver.storage.googleapis.com/LATEST_RELEASE is 114.0.5735.90
[DEBUG] 2023-09-21 17:44:29.385 [main] WebDriverManager - Driver chromedriver 114.0.5735.90 found in cache
[INFO ] 2023-09-21 17:44:29.386 [main] WebDriverManager - Exporting webdriver.chrome.driver as C:\Users\user tester\.cache\selenium\chromedriver\win32\114.0.5735.90\chromedriver.exe
[WARN ] 2023-09-21 17:44:29.425 [main] ReportManager - Sep 21, 2023 5:44:29 PM org.openqa.selenium.remote.service.DriverService$Builder getLogOutput
[WARN ] 2023-09-21 17:44:29.426 [main] ReportManager - INFO: Driver logs no longer sent to console by default; https://www.selenium.dev/documentation/webdriver/drivers/service/#setting-log-output
[WARN ] 2023-09-21 17:44:30.829 [main] ReportManager - Sep 21, 2023 5:44:30 PM org.openqa.selenium.devtools.CdpVersionFinder findNearestMatch
[WARN ] 2023-09-21 17:44:30.829 [main] ReportManager - WARNING: Unable to find an exact match for CDP version 116, so returning the closest version found: 114
[INFO ] 2023-09-21 17:44:30.844 [main] ReportManager - Successfully Opened: "windows | Chrome".
[INFO ] 2023-09-21 17:44:30.893 [main] ReportManager - Target URL: "https://www.jagermeister.com/en-GB/home"
[INFO ] 2023-09-21 17:44:30.972 [main] ReportManager - Initial URL: "data:,"
[INFO ] 2023-09-21 17:44:32.297 [main] ReportManager - Navigate to url "https://www.jagermeister.com/en-GB/home".
[INFO ] 2023-09-21 17:44:32.318 [main] ReportManager - 
------------------------------------------------------------------------------------------------------------------------------------------------
                                             Starting execution of suite setup configuration method                                             
                                          'com.shaft.listeners.internal.ConfigurationHelper.suiteSetup'                                          
------------------------------------------------------------------------------------------------------------------------------------------------

[INFO ] 2023-09-21 17:44:32.318 [main] ReportManager - Initializing Important Links...
[INFO ] 2023-09-21 17:44:32.325 [main] ReportManager - Initializing Properties...
[INFO ] 2023-09-21 17:44:32.378 [main] ReportManager - 
------------------------------------------------------------------------------------------------------------------------------------------------
                                             Starting execution of before test configuration method                                             
                                                     'TestCasesPackage.AgeFormTC.beforeTest'                                                     
------------------------------------------------------------------------------------------------------------------------------------------------

[INFO ] 2023-09-21 17:44:32.397 [main] ReportManager - Target URL: "url"
[INFO ] 2023-09-21 17:44:32.421 [main] ReportManager - Initial URL: "https://www.jagermeister.com/en-GB/home"
[INFO ] 2023-09-21 17:44:32.441 [main] ReportManager - Navigate to url "url".
[INFO ] 2023-09-21 17:44:32.492 [main] ReportManager - 
------------------------------------------------------------------------------------------------------------------------------------------------
                                        Starting Execution: '1 out of 1' test cases in the current suite                                        
                                               Test Method: 'TestCasesPackage.AgeFormTC.futuerAge'                                               
------------------------------------------------------------------------------------------------------------------------------------------------

[INFO ] 2023-09-21 17:44:32.882 [main] ReportManager - Type "1" into "DAY".
[INFO ] 2023-09-21 17:44:33.110 [main] ReportManager - Type "1" into "MONTH".
[INFO ] 2023-09-21 17:44:33.341 [main] ReportManager - Type "2026" into "YEAR".
[INFO ] 2023-09-21 17:44:33.479 [main] ReportManager - Get text "Computer says nein" from "By.className: verificationError_headline__h-42s-".
[INFO ] 2023-09-21 17:44:33.480 [main] ReportManager - Expected "Computer says nein", and actual "Computer says nein"
[INFO ] 2023-09-21 17:44:35.037 [main] ReportManager - Assertion "ValidateElementAttribute" PASSED. Expected "Value Should be 'Computer says nein' for the 'text' attribute, element locator 'By.className: verificationError_headline__h-42s-'" and Actual "Computer says nein". Comparison Type "CONTAINS". Validation Type "POSITIVE".
[INFO ] 2023-09-21 17:44:35.088 [main] ReportManager - Successfully created attachment 'Screenshot - 1695311074301_futuerAge_ValidateElementAttribute_passed'
[DEBUG] 2023-09-21 17:49:17.764 [wdm-shutdown-hook] WebDriverManager - Quitting ChromeDriver: chrome on windows (a98a4e2c361d38f7cfbab06bc17d7f2d)
